<?xml version="1.0" encoding="UTF-8"?>
<!-- Generated by org.testng.reporters.JUnitReportReporter -->
<testsuite hostname="DESKTOP-DOIJIN9" failures="0" tests="4" name="com.qa.anc.test.LoginPageTest" time="5.891" errors="1" timestamp="28 Dec 2022 17:16:47 GMT" skipped="0">
  <testcase classname="com.qa.anc.test.LoginPageTest" name="forgotPwdLinkTest" time="0.917"/>
  <testcase classname="com.qa.anc.test.LoginPageTest" name="StayloginTest" time="1.457"/>
  <testcase classname="com.qa.anc.test.LoginPageTest" name="loginPageTitleTest" time="0.018">
    <error type="java.lang.StackOverflowError">
      <![CDATA[java.lang.StackOverflowError
at com.qa.anc.page.LoginPage.getLoginPageTitle(LoginPage.java:30)
at com.qa.anc.page.LoginPage.getLoginPageTitle(LoginPage.java:30)
at com.qa.anc.page.LoginPage.getLoginPageTitle(LoginPage.java:30)
at com.qa.anc.page.LoginPage.getLoginPageTitle(LoginPage.java:30)
at com.qa.anc.page.LoginPage.getLoginPageTitle(LoginPage.java:30)
at com.qa.anc.page.LoginPage.getLoginPageTitle(LoginPage.java:30)
at com.qa.anc.page.LoginPage.getLoginPageTitle(LoginPage.java:30)
at com.qa.anc.page.LoginPage.getLoginPageTitle(LoginPage.java:30)
at com.qa.anc.page.LoginPage.getLoginPageTitle(LoginPage.java:30)
at com.qa.anc.page.LoginPage.getLoginPageTitle(LoginPage.java:30)
at com.qa.anc.page.LoginPage.getLoginPageTitle(LoginPage.java:30)
at com.qa.anc.page.LoginPage.getLoginPageTitle(LoginPage.java:30)
at com.qa.anc.page.LoginPage.getLoginPageTitle(LoginPage.java:30)
at com.qa.anc.page.LoginPage.getLoginPageTitle(LoginPage.java:30)
at com.qa.anc.page.LoginPage.getLoginPageTitle(LoginPage.java:30)
at com.qa.anc.page.LoginPage.getLoginPageTitle(LoginPage.java:30)
at com.qa.anc.page.LoginPage.getLoginPageTitle(LoginPage.java:30)
at com.qa.anc.page.LoginPage.getLoginPageTitle(LoginPage.java:30)
at com.qa.anc.page.LoginPage.getLoginPageTitle(LoginPage.java:30)
at com.qa.anc.page.LoginPage.getLoginPageTitle(LoginPage.java:30)
at com.qa.anc.page.LoginPage.getLoginPageTitle(LoginPage.java:30)
at com.qa.anc.page.LoginPage.getLoginPageTitle(LoginPage.java:30)
at com.qa.anc.page.LoginPage.getLoginPageTitle(LoginPage.java:30)
at com.qa.anc.page.LoginPage.getLoginPageTitle(LoginPage.java:30)
at com.qa.anc.page.LoginPage.getLoginPageTitle(LoginPage.java:30)
at com.qa.anc.page.LoginPage.getLoginPageTitle(LoginPage.java:30)
at com.qa.anc.page.LoginPage.getLoginPageTitle(LoginPage.java:30)
at com.qa.anc.page.LoginPage.getLoginPageTitle(LoginPage.java:30)
at com.qa.anc.page.LoginPage.getLoginPageTitle(LoginPage.java:30)
at com.qa.anc.page.LoginPage.getLoginPageTitle(LoginPage.java:30)
at com.qa.anc.page.LoginPage.getLoginPageTitle(LoginPage.java:30)
at com.qa.anc.page.LoginPage.getLoginPageTitle(LoginPage.java:30)
at com.qa.anc.page.LoginPage.getLoginPageTitle(LoginPage.java:30)
at com.qa.anc.page.LoginPage.getLoginPageTitle(LoginPage.java:30)
at com.qa.anc.page.LoginPage.getLoginPageTitle(LoginPage.java:30)
at com.qa.anc.page.LoginPage.getLoginPageTitle(LoginPage.java:30)
at com.qa.anc.page.LoginPage.getLoginPageTitle(LoginPage.java:30)
at com.qa.anc.page.LoginPage.getLoginPageTitle(LoginPage.java:30)
at com.qa.anc.page.LoginPage.getLoginPageTitle(LoginPage.java:30)
at com.qa.anc.page.LoginPage.getLoginPageTitle(LoginPage.java:30)
at com.qa.anc.page.LoginPage.getLoginPageTitle(LoginPage.java:30)
at com.qa.anc.page.LoginPage.getLoginPageTitle(LoginPage.java:30)
at com.qa.anc.page.LoginPage.getLoginPageTitle(LoginPage.java:30)
at com.qa.anc.page.LoginPage.getLoginPageTitle(LoginPage.java:30)
at com.qa.anc.page.LoginPage.getLoginPageTitle(LoginPage.java:30)
at com.qa.anc.page.LoginPage.getLoginPageTitle(LoginPage.java:30)
at com.qa.anc.page.LoginPage.getLoginPageTitle(LoginPage.java:30)
at com.qa.anc.page.LoginPage.getLoginPageTitle(LoginPage.java:30)
at com.qa.anc.page.LoginPage.getLoginPageTitle(LoginPage.java:30)
at com.qa.anc.page.LoginPage.getLoginPageTitle(LoginPage.java:30)
at com.qa.anc.page.LoginPage.getLoginPageTitle(LoginPage.java:30)
at com.qa.anc.page.LoginPage.getLoginPageTitle(LoginPage.java:30)
at com.qa.anc.page.LoginPage.getLoginPageTitle(LoginPage.java:30)
at com.qa.anc.page.LoginPage.getLoginPageTitle(LoginPage.java:30)
at com.qa.anc.page.LoginPage.getLoginPageTitle(LoginPage.java:30)
at com.qa.anc.page.LoginPage.getLoginPageTitle(LoginPage.java:30)
at com.qa.anc.page.LoginPage.getLoginPageTitle(LoginPage.java:30)
at com.qa.anc.page.LoginPage.getLoginPageTitle(LoginPage.java:30)
at com.qa.anc.page.LoginPage.getLoginPageTitle(LoginPage.java:30)
at com.qa.anc.page.LoginPage.getLoginPageTitle(LoginPage.java:30)
at com.qa.anc.page.LoginPage.getLoginPageTitle(LoginPage.java:30)
at com.qa.anc.page.LoginPage.getLoginPageTitle(LoginPage.java:30)
at com.qa.anc.page.LoginPage.getLoginPageTitle(LoginPage.java:30)
at com.qa.anc.page.LoginPage.getLoginPageTitle(LoginPage.java:30)
at com.qa.anc.page.LoginPage.getLoginPageTitle(LoginPage.java:30)
at com.qa.anc.page.LoginPage.getLoginPageTitle(LoginPage.java:30)
at com.qa.anc.page.LoginPage.getLoginPageTitle(LoginPage.java:30)
at com.qa.anc.page.LoginPage.getLoginPageTitle(LoginPage.java:30)
at com.qa.anc.page.LoginPage.getLoginPageTitle(LoginPage.java:30)
at com.qa.anc.page.LoginPage.getLoginPageTitle(LoginPage.java:30)
at com.qa.anc.page.LoginPage.getLoginPageTitle(LoginPage.java:30)
at com.qa.anc.page.LoginPage.getLoginPageTitle(LoginPage.java:30)
at com.qa.anc.page.LoginPage.getLoginPageTitle(LoginPage.java:30)
at com.qa.anc.page.LoginPage.getLoginPageTitle(LoginPage.java:30)
at com.qa.anc.page.LoginPage.getLoginPageTitle(LoginPage.java:30)
at com.qa.anc.page.LoginPage.getLoginPageTitle(LoginPage.java:30)
at com.qa.anc.page.LoginPage.getLoginPageTitle(LoginPage.java:30)
at com.qa.anc.page.LoginPage.getLoginPageTitle(LoginPage.java:30)
at com.qa.anc.page.LoginPage.getLoginPageTitle(LoginPage.java:30)
at com.qa.anc.page.LoginPage.getLoginPageTitle(LoginPage.java:30)
at com.qa.anc.page.LoginPage.getLoginPageTitle(LoginPage.java:30)
at com.qa.anc.page.LoginPage.getLoginPageTitle(LoginPage.java:30)
at com.qa.anc.page.LoginPage.getLoginPageTitle(LoginPage.java:30)
at com.qa.anc.page.LoginPage.getLoginPageTitle(LoginPage.java:30)
at com.qa.anc.page.LoginPage.getLoginPageTitle(LoginPage.java:30)
at com.qa.anc.page.LoginPage.getLoginPageTitle(LoginPage.java:30)
at com.qa.anc.page.LoginPage.getLoginPageTitle(LoginPage.java:30)
at com.qa.anc.page.LoginPage.getLoginPageTitle(LoginPage.java:30)
at com.qa.anc.page.LoginPage.getLoginPageTitle(LoginPage.java:30)
at com.qa.anc.page.LoginPage.getLoginPageTitle(LoginPage.java:30)
at com.qa.anc.page.LoginPage.getLoginPageTitle(LoginPage.java:30)
at com.qa.anc.page.LoginPage.getLoginPageTitle(LoginPage.java:30)
at com.qa.anc.page.LoginPage.getLoginPageTitle(LoginPage.java:30)
at com.qa.anc.page.LoginPage.getLoginPageTitle(LoginPage.java:30)
at com.qa.anc.page.LoginPage.getLoginPageTitle(LoginPage.java:30)
at com.qa.anc.page.LoginPage.getLoginPageTitle(LoginPage.java:30)
at com.qa.anc.page.LoginPage.getLoginPageTitle(LoginPage.java:30)
at com.qa.anc.page.LoginPage.getLoginPageTitle(LoginPage.java:30)
at com.qa.anc.page.LoginPage.getLoginPageTitle(LoginPage.java:30)
at com.qa.anc.page.LoginPage.getLoginPageTitle(LoginPage.java:30)
at com.qa.anc.page.LoginPage.getLoginPageTitle(LoginPage.java:30)
at com.qa.anc.page.LoginPage.getLoginPageTitle(LoginPage.java:30)
at com.qa.anc.page.LoginPage.getLoginPageTitle(LoginPage.java:30)
at com.qa.anc.page.LoginPage.getLoginPageTitle(LoginPage.java:30)
at com.qa.anc.page.LoginPage.getLoginPageTitle(LoginPage.java:30)
at com.qa.anc.page.LoginPage.getLoginPageTitle(LoginPage.java:30)
at com.qa.anc.page.LoginPage.getLoginPageTitle(LoginPage.java:30)
at com.qa.anc.page.LoginPage.getLoginPageTitle(LoginPage.java:30)
at com.qa.anc.page.LoginPage.getLoginPageTitle(LoginPage.java:30)
at com.qa.anc.page.LoginPage.getLoginPageTitle(LoginPage.java:30)
at com.qa.anc.page.LoginPage.getLoginPageTitle(LoginPage.java:30)
at com.qa.anc.page.LoginPage.getLoginPageTitle(LoginPage.java:30)
at com.qa.anc.page.LoginPage.getLoginPageTitle(LoginPage.java:30)
at com.qa.anc.page.LoginPage.getLoginPageTitle(LoginPage.java:30)
at com.qa.anc.page.LoginPage.getLoginPageTitle(LoginPage.java:30)
at com.qa.anc.page.LoginPage.getLoginPageTitle(LoginPage.java:30)
at com.qa.anc.page.LoginPage.getLoginPageTitle(LoginPage.java:30)
at com.qa.anc.page.LoginPage.getLoginPageTitle(LoginPage.java:30)
at com.qa.anc.page.LoginPage.getLoginPageTitle(LoginPage.java:30)
at com.qa.anc.page.LoginPage.getLoginPageTitle(LoginPage.java:30)
at com.qa.anc.page.LoginPage.getLoginPageTitle(LoginPage.java:30)
at com.qa.anc.page.LoginPage.getLoginPageTitle(LoginPage.java:30)
at com.qa.anc.page.LoginPage.getLoginPageTitle(LoginPage.java:30)
at com.qa.anc.page.LoginPage.getLoginPageTitle(LoginPage.java:30)
at com.qa.anc.page.LoginPage.getLoginPageTitle(LoginPage.java:30)
at com.qa.anc.page.LoginPage.getLoginPageTitle(LoginPage.java:30)
at com.qa.anc.page.LoginPage.getLoginPageTitle(LoginPage.java:30)
at com.qa.anc.page.LoginPage.getLoginPageTitle(LoginPage.java:30)
at com.qa.anc.page.LoginPage.getLoginPageTitle(LoginPage.java:30)
at com.qa.anc.page.LoginPage.getLoginPageTitle(LoginPage.java:30)
at com.qa.anc.page.LoginPage.getLoginPageTitle(LoginPage.java:30)
at com.qa.anc.page.LoginPage.getLoginPageTitle(LoginPage.java:30)
at com.qa.anc.page.LoginPage.getLoginPageTitle(LoginPage.java:30)
at com.qa.anc.page.LoginPage.getLoginPageTitle(LoginPage.java:30)
at com.qa.anc.page.LoginPage.getLoginPageTitle(LoginPage.java:30)
at com.qa.anc.page.LoginPage.getLoginPageTitle(LoginPage.java:30)
at com.qa.anc.page.LoginPage.getLoginPageTitle(LoginPage.java:30)
at com.qa.anc.page.LoginPage.getLoginPageTitle(LoginPage.java:30)
at com.qa.anc.page.LoginPage.getLoginPageTitle(LoginPage.java:30)
at com.qa.anc.page.LoginPage.getLoginPageTitle(LoginPage.java:30)
at com.qa.anc.page.LoginPage.getLoginPageTitle(LoginPage.java:30)
at com.qa.anc.page.LoginPage.getLoginPageTitle(LoginPage.java:30)
at com.qa.anc.page.LoginPage.getLoginPageTitle(LoginPage.java:30)
at com.qa.anc.page.LoginPage.getLoginPageTitle(LoginPage.java:30)
at com.qa.anc.page.LoginPage.getLoginPageTitle(LoginPage.java:30)
at com.qa.anc.page.LoginPage.getLoginPageTitle(LoginPage.java:30)
at com.qa.anc.page.LoginPage.getLoginPageTitle(LoginPage.java:30)
at com.qa.anc.page.LoginPage.getLoginPageTitle(LoginPage.java:30)
at com.qa.anc.page.LoginPage.getLoginPageTitle(LoginPage.java:30)
at com.qa.anc.page.LoginPage.getLoginPageTitle(LoginPage.java:30)
at com.qa.anc.page.LoginPage.getLoginPageTitle(LoginPage.java:30)
at com.qa.anc.page.LoginPage.getLoginPageTitle(LoginPage.java:30)
at com.qa.anc.page.LoginPage.getLoginPageTitle(LoginPage.java:30)
at com.qa.anc.page.LoginPage.getLoginPageTitle(LoginPage.java:30)
at com.qa.anc.page.LoginPage.getLoginPageTitle(LoginPage.java:30)
at com.qa.anc.page.LoginPage.getLoginPageTitle(LoginPage.java:30)
at com.qa.anc.page.LoginPage.getLoginPageTitle(LoginPage.java:30)
at com.qa.anc.page.LoginPage.getLoginPageTitle(LoginPage.java:30)
at com.qa.anc.page.LoginPage.getLoginPageTitle(LoginPage.java:30)
at com.qa.anc.page.LoginPage.getLoginPageTitle(LoginPage.java:30)
at com.qa.anc.page.LoginPage.getLoginPageTitle(LoginPage.java:30)
at com.qa.anc.page.LoginPage.getLoginPageTitle(LoginPage.java:30)
at com.qa.anc.page.LoginPage.getLoginPageTitle(LoginPage.java:30)
at com.qa.anc.page.LoginPage.getLoginPageTitle(LoginPage.java:30)
at com.qa.anc.page.LoginPage.getLoginPageTitle(LoginPage.java:30)
at com.qa.anc.page.LoginPage.getLoginPageTitle(LoginPage.java:30)
at com.qa.anc.page.LoginPage.getLoginPageTitle(LoginPage.java:30)
at com.qa.anc.page.LoginPage.getLoginPageTitle(LoginPage.java:30)
at com.qa.anc.page.LoginPage.getLoginPageTitle(LoginPage.java:30)
at com.qa.anc.page.LoginPage.getLoginPageTitle(LoginPage.java:30)
at com.qa.anc.page.LoginPage.getLoginPageTitle(LoginPage.java:30)
at com.qa.anc.page.LoginPage.getLoginPageTitle(LoginPage.java:30)
at com.qa.anc.page.LoginPage.getLoginPageTitle(LoginPage.java:30)
at com.qa.anc.page.LoginPage.getLoginPageTitle(LoginPage.java:30)
at com.qa.anc.page.LoginPage.getLoginPageTitle(LoginPage.java:30)
at com.qa.anc.page.LoginPage.getLoginPageTitle(LoginPage.java:30)
at com.qa.anc.page.LoginPage.getLoginPageTitle(LoginPage.java:30)
at com.qa.anc.page.LoginPage.getLoginPageTitle(LoginPage.java:30)
at com.qa.anc.page.LoginPage.getLoginPageTitle(LoginPage.java:30)
at com.qa.anc.page.LoginPage.getLoginPageTitle(LoginPage.java:30)
at com.qa.anc.page.LoginPage.getLoginPageTitle(LoginPage.java:30)
at com.qa.anc.page.LoginPage.getLoginPageTitle(LoginPage.java:30)
at com.qa.anc.page.LoginPage.getLoginPageTitle(LoginPage.java:30)
at com.qa.anc.page.LoginPage.getLoginPageTitle(LoginPage.java:30)
at com.qa.anc.page.LoginPage.getLoginPageTitle(LoginPage.java:30)
at com.qa.anc.page.LoginPage.getLoginPageTitle(LoginPage.java:30)
at com.qa.anc.page.LoginPage.getLoginPageTitle(LoginPage.java:30)
at com.qa.anc.page.LoginPage.getLoginPageTitle(LoginPage.java:30)
at com.qa.anc.page.LoginPage.getLoginPageTitle(LoginPage.java:30)
at com.qa.anc.page.LoginPage.getLoginPageTitle(LoginPage.java:30)
at com.qa.anc.page.LoginPage.getLoginPageTitle(LoginPage.java:30)
at com.qa.anc.page.LoginPage.getLoginPageTitle(LoginPage.java:30)
at com.qa.anc.page.LoginPage.getLoginPageTitle(LoginPage.java:30)
at com.qa.anc.page.LoginPage.getLoginPageTitle(LoginPage.java:30)
at com.qa.anc.page.LoginPage.getLoginPageTitle(LoginPage.java:30)
at com.qa.anc.page.LoginPage.getLoginPageTitle(LoginPage.java:30)
at com.qa.anc.page.LoginPage.getLoginPageTitle(LoginPage.java:30)
at com.qa.anc.page.LoginPage.getLoginPageTitle(LoginPage.java:30)
at com.qa.anc.page.LoginPage.getLoginPageTitle(LoginPage.java:30)
at com.qa.anc.page.LoginPage.getLoginPageTitle(LoginPage.java:30)
at com.qa.anc.page.LoginPage.getLoginPageTitle(LoginPage.java:30)
at com.qa.anc.page.LoginPage.getLoginPageTitle(LoginPage.java:30)
at com.qa.anc.page.LoginPage.getLoginPageTitle(LoginPage.java:30)
at com.qa.anc.page.LoginPage.getLoginPageTitle(LoginPage.java:30)
at com.qa.anc.page.LoginPage.getLoginPageTitle(LoginPage.java:30)
at com.qa.anc.page.LoginPage.getLoginPageTitle(LoginPage.java:30)
at com.qa.anc.page.LoginPage.getLoginPageTitle(LoginPage.java:30)
at com.qa.anc.page.LoginPage.getLoginPageTitle(LoginPage.java:30)
at com.qa.anc.page.LoginPage.getLoginPageTitle(LoginPage.java:30)
at com.qa.anc.page.LoginPage.getLoginPageTitle(LoginPage.java:30)
at com.qa.anc.page.LoginPage.getLoginPageTitle(LoginPage.java:30)
at com.qa.anc.page.LoginPage.getLoginPageTitle(LoginPage.java:30)
at com.qa.anc.page.LoginPage.getLoginPageTitle(LoginPage.java:30)
at com.qa.anc.page.LoginPage.getLoginPageTitle(LoginPage.java:30)
at com.qa.anc.page.LoginPage.getLoginPageTitle(LoginPage.java:30)
at com.qa.anc.page.LoginPage.getLoginPageTitle(LoginPage.java:30)
at com.qa.anc.page.LoginPage.getLoginPageTitle(LoginPage.java:30)
at com.qa.anc.page.LoginPage.getLoginPageTitle(LoginPage.java:30)
at com.qa.anc.page.LoginPage.getLoginPageTitle(LoginPage.java:30)
at com.qa.anc.page.LoginPage.getLoginPageTitle(LoginPage.java:30)
at com.qa.anc.page.LoginPage.getLoginPageTitle(LoginPage.java:30)
at com.qa.anc.page.LoginPage.getLoginPageTitle(LoginPage.java:30)
at com.qa.anc.page.LoginPage.getLoginPageTitle(LoginPage.java:30)
at com.qa.anc.page.LoginPage.getLoginPageTitle(LoginPage.java:30)
at com.qa.anc.page.LoginPage.getLoginPageTitle(LoginPage.java:30)
at com.qa.anc.page.LoginPage.getLoginPageTitle(LoginPage.java:30)
at com.qa.anc.page.LoginPage.getLoginPageTitle(LoginPage.java:30)
at com.qa.anc.page.LoginPage.getLoginPageTitle(LoginPage.java:30)
at com.qa.anc.page.LoginPage.getLoginPageTitle(LoginPage.java:30)
at com.qa.anc.page.LoginPage.getLoginPageTitle(LoginPage.java:30)
at com.qa.anc.page.LoginPage.getLoginPageTitle(LoginPage.java:30)
at com.qa.anc.page.LoginPage.getLoginPageTitle(LoginPage.java:30)
at com.qa.anc.page.LoginPage.getLoginPageTitle(LoginPage.java:30)
at com.qa.anc.page.LoginPage.getLoginPageTitle(LoginPage.java:30)
at com.qa.anc.page.LoginPage.getLoginPageTitle(LoginPage.java:30)
at com.qa.anc.page.LoginPage.getLoginPageTitle(LoginPage.java:30)
at com.qa.anc.page.LoginPage.getLoginPageTitle(LoginPage.java:30)
at com.qa.anc.page.LoginPage.getLoginPageTitle(LoginPage.java:30)
at com.qa.anc.page.LoginPage.getLoginPageTitle(LoginPage.java:30)
at com.qa.anc.page.LoginPage.getLoginPageTitle(LoginPage.java:30)
at com.qa.anc.page.LoginPage.getLoginPageTitle(LoginPage.java:30)
at com.qa.anc.page.LoginPage.getLoginPageTitle(LoginPage.java:30)
at com.qa.anc.page.LoginPage.getLoginPageTitle(LoginPage.java:30)
at com.qa.anc.page.LoginPage.getLoginPageTitle(LoginPage.java:30)
at com.qa.anc.page.LoginPage.getLoginPageTitle(LoginPage.java:30)
at com.qa.anc.page.LoginPage.getLoginPageTitle(LoginPage.java:30)
at com.qa.anc.page.LoginPage.getLoginPageTitle(LoginPage.java:30)
at com.qa.anc.page.LoginPage.getLoginPageTitle(LoginPage.java:30)
at com.qa.anc.page.LoginPage.getLoginPageTitle(LoginPage.java:30)
at com.qa.anc.page.LoginPage.getLoginPageTitle(LoginPage.java:30)
at com.qa.anc.page.LoginPage.getLoginPageTitle(LoginPage.java:30)
at com.qa.anc.page.LoginPage.getLoginPageTitle(LoginPage.java:30)
at com.qa.anc.page.LoginPage.getLoginPageTitle(LoginPage.java:30)
at com.qa.anc.page.LoginPage.getLoginPageTitle(LoginPage.java:30)
at com.qa.anc.page.LoginPage.getLoginPageTitle(LoginPage.java:30)
at com.qa.anc.page.LoginPage.getLoginPageTitle(LoginPage.java:30)
at com.qa.anc.page.LoginPage.getLoginPageTitle(LoginPage.java:30)
at com.qa.anc.page.LoginPage.getLoginPageTitle(LoginPage.java:30)
at com.qa.anc.page.LoginPage.getLoginPageTitle(LoginPage.java:30)
at com.qa.anc.page.LoginPage.getLoginPageTitle(LoginPage.java:30)
at com.qa.anc.page.LoginPage.getLoginPageTitle(LoginPage.java:30)
at com.qa.anc.page.LoginPage.getLoginPageTitle(LoginPage.java:30)
at com.qa.anc.page.LoginPage.getLoginPageTitle(LoginPage.java:30)
at com.qa.anc.page.LoginPage.getLoginPageTitle(LoginPage.java:30)
at com.qa.anc.page.LoginPage.getLoginPageTitle(LoginPage.java:30)
at com.qa.anc.page.LoginPage.getLoginPageTitle(LoginPage.java:30)
at com.qa.anc.page.LoginPage.getLoginPageTitle(LoginPage.java:30)
at com.qa.anc.page.LoginPage.getLoginPageTitle(LoginPage.java:30)
at com.qa.anc.page.LoginPage.getLoginPageTitle(LoginPage.java:30)
at com.qa.anc.page.LoginPage.getLoginPageTitle(LoginPage.java:30)
at com.qa.anc.page.LoginPage.getLoginPageTitle(LoginPage.java:30)
at com.qa.anc.page.LoginPage.getLoginPageTitle(LoginPage.java:30)
at com.qa.anc.page.LoginPage.getLoginPageTitle(LoginPage.java:30)
at com.qa.anc.page.LoginPage.getLoginPageTitle(LoginPage.java:30)
at com.qa.anc.page.LoginPage.getLoginPageTitle(LoginPage.java:30)
at com.qa.anc.page.LoginPage.getLoginPageTitle(LoginPage.java:30)
at com.qa.anc.page.LoginPage.getLoginPageTitle(LoginPage.java:30)
at com.qa.anc.page.LoginPage.getLoginPageTitle(LoginPage.java:30)
at com.qa.anc.page.LoginPage.getLoginPageTitle(LoginPage.java:30)
at com.qa.anc.page.LoginPage.getLoginPageTitle(LoginPage.java:30)
at com.qa.anc.page.LoginPage.getLoginPageTitle(LoginPage.java:30)
at com.qa.anc.page.LoginPage.getLoginPageTitle(LoginPage.java:30)
at com.qa.anc.page.LoginPage.getLoginPageTitle(LoginPage.java:30)
at com.qa.anc.page.LoginPage.getLoginPageTitle(LoginPage.java:30)
at com.qa.anc.page.LoginPage.getLoginPageTitle(LoginPage.java:30)
at com.qa.anc.page.LoginPage.getLoginPageTitle(LoginPage.java:30)
at com.qa.anc.page.LoginPage.getLoginPageTitle(LoginPage.java:30)
at com.qa.anc.page.LoginPage.getLoginPageTitle(LoginPage.java:30)
at com.qa.anc.page.LoginPage.getLoginPageTitle(LoginPage.java:30)
at com.qa.anc.page.LoginPage.getLoginPageTitle(LoginPage.java:30)
at com.qa.anc.page.LoginPage.getLoginPageTitle(LoginPage.java:30)
at com.qa.anc.page.LoginPage.getLoginPageTitle(LoginPage.java:30)
at com.qa.anc.page.LoginPage.getLoginPageTitle(LoginPage.java:30)
at com.qa.anc.page.LoginPage.getLoginPageTitle(LoginPage.java:30)
at com.qa.anc.page.LoginPage.getLoginPageTitle(LoginPage.java:30)
at com.qa.anc.page.LoginPage.getLoginPageTitle(LoginPage.java:30)
at com.qa.anc.page.LoginPage.getLoginPageTitle(LoginPage.java:30)
at com.qa.anc.page.LoginPage.getLoginPageTitle(LoginPage.java:30)
at com.qa.anc.page.LoginPage.getLoginPageTitle(LoginPage.java:30)
at com.qa.anc.page.LoginPage.getLoginPageTitle(LoginPage.java:30)
at com.qa.anc.page.LoginPage.getLoginPageTitle(LoginPage.java:30)
at com.qa.anc.page.LoginPage.getLoginPageTitle(LoginPage.java:30)
at com.qa.anc.page.LoginPage.getLoginPageTitle(LoginPage.java:30)
at com.qa.anc.page.LoginPage.getLoginPageTitle(LoginPage.java:30)
at com.qa.anc.page.LoginPage.getLoginPageTitle(LoginPage.java:30)
at com.qa.anc.page.LoginPage.getLoginPageTitle(LoginPage.java:30)
at com.qa.anc.page.LoginPage.getLoginPageTitle(LoginPage.java:30)
at com.qa.anc.page.LoginPage.getLoginPageTitle(LoginPage.java:30)
at com.qa.anc.page.LoginPage.getLoginPageTitle(LoginPage.java:30)
at com.qa.anc.page.LoginPage.getLoginPageTitle(LoginPage.java:30)
at com.qa.anc.page.LoginPage.getLoginPageTitle(LoginPage.java:30)
at com.qa.anc.page.LoginPage.getLoginPageTitle(LoginPage.java:30)
at com.qa.anc.page.LoginPage.getLoginPageTitle(LoginPage.java:30)
at com.qa.anc.page.LoginPage.getLoginPageTitle(LoginPage.java:30)
at com.qa.anc.page.LoginPage.getLoginPageTitle(LoginPage.java:30)
at com.qa.anc.page.LoginPage.getLoginPageTitle(LoginPage.java:30)
at com.qa.anc.page.LoginPage.getLoginPageTitle(LoginPage.java:30)
at com.qa.anc.page.LoginPage.getLoginPageTitle(LoginPage.java:30)
at com.qa.anc.page.LoginPage.getLoginPageTitle(LoginPage.java:30)
at com.qa.anc.page.LoginPage.getLoginPageTitle(LoginPage.java:30)
at com.qa.anc.page.LoginPage.getLoginPageTitle(LoginPage.java:30)
at com.qa.anc.page.LoginPage.getLoginPageTitle(LoginPage.java:30)
at com.qa.anc.page.LoginPage.getLoginPageTitle(LoginPage.java:30)
at com.qa.anc.page.LoginPage.getLoginPageTitle(LoginPage.java:30)
at com.qa.anc.page.LoginPage.getLoginPageTitle(LoginPage.java:30)
at com.qa.anc.page.LoginPage.getLoginPageTitle(LoginPage.java:30)
at com.qa.anc.page.LoginPage.getLoginPageTitle(LoginPage.java:30)
at com.qa.anc.page.LoginPage.getLoginPageTitle(LoginPage.java:30)
at com.qa.anc.page.LoginPage.getLoginPageTitle(LoginPage.java:30)
at com.qa.anc.page.LoginPage.getLoginPageTitle(LoginPage.java:30)
at com.qa.anc.page.LoginPage.getLoginPageTitle(LoginPage.java:30)
at com.qa.anc.page.LoginPage.getLoginPageTitle(LoginPage.java:30)
at com.qa.anc.page.LoginPage.getLoginPageTitle(LoginPage.java:30)
at com.qa.anc.page.LoginPage.getLoginPageTitle(LoginPage.java:30)
at com.qa.anc.page.LoginPage.getLoginPageTitle(LoginPage.java:30)
at com.qa.anc.page.LoginPage.getLoginPageTitle(LoginPage.java:30)
at com.qa.anc.page.LoginPage.getLoginPageTitle(LoginPage.java:30)
at com.qa.anc.page.LoginPage.getLoginPageTitle(LoginPage.java:30)
at com.qa.anc.page.LoginPage.getLoginPageTitle(LoginPage.java:30)
at com.qa.anc.page.LoginPage.getLoginPageTitle(LoginPage.java:30)
at com.qa.anc.page.LoginPage.getLoginPageTitle(LoginPage.java:30)
at com.qa.anc.page.LoginPage.getLoginPageTitle(LoginPage.java:30)
at com.qa.anc.page.LoginPage.getLoginPageTitle(LoginPage.java:30)
at com.qa.anc.page.LoginPage.getLoginPageTitle(LoginPage.java:30)
at com.qa.anc.page.LoginPage.getLoginPageTitle(LoginPage.java:30)
at com.qa.anc.page.LoginPage.getLoginPageTitle(LoginPage.java:30)
at com.qa.anc.page.LoginPage.getLoginPageTitle(LoginPage.java:30)
at com.qa.anc.page.LoginPage.getLoginPageTitle(LoginPage.java:30)
at com.qa.anc.page.LoginPage.getLoginPageTitle(LoginPage.java:30)
at com.qa.anc.page.LoginPage.getLoginPageTitle(LoginPage.java:30)
at com.qa.anc.page.LoginPage.getLoginPageTitle(LoginPage.java:30)
at com.qa.anc.page.LoginPage.getLoginPageTitle(LoginPage.java:30)
at com.qa.anc.page.LoginPage.getLoginPageTitle(LoginPage.java:30)
at com.qa.anc.page.LoginPage.getLoginPageTitle(LoginPage.java:30)
at com.qa.anc.page.LoginPage.getLoginPageTitle(LoginPage.java:30)
at com.qa.anc.page.LoginPage.getLoginPageTitle(LoginPage.java:30)
at com.qa.anc.page.LoginPage.getLoginPageTitle(LoginPage.java:30)
at com.qa.anc.page.LoginPage.getLoginPageTitle(LoginPage.java:30)
at com.qa.anc.page.LoginPage.getLoginPageTitle(LoginPage.java:30)
at com.qa.anc.page.LoginPage.getLoginPageTitle(LoginPage.java:30)
at com.qa.anc.page.LoginPage.getLoginPageTitle(LoginPage.java:30)
at com.qa.anc.page.LoginPage.getLoginPageTitle(LoginPage.java:30)
at com.qa.anc.page.LoginPage.getLoginPageTitle(LoginPage.java:30)
at com.qa.anc.page.LoginPage.getLoginPageTitle(LoginPage.java:30)
at com.qa.anc.page.LoginPage.getLoginPageTitle(LoginPage.java:30)
at com.qa.anc.page.LoginPage.getLoginPageTitle(LoginPage.java:30)
at com.qa.anc.page.LoginPage.getLoginPageTitle(LoginPage.java:30)
at com.qa.anc.page.LoginPage.getLoginPageTitle(LoginPage.java:30)
at com.qa.anc.page.LoginPage.getLoginPageTitle(LoginPage.java:30)
at com.qa.anc.page.LoginPage.getLoginPageTitle(LoginPage.java:30)
at com.qa.anc.page.LoginPage.getLoginPageTitle(LoginPage.java:30)
at com.qa.anc.page.LoginPage.getLoginPageTitle(LoginPage.java:30)
at com.qa.anc.page.LoginPage.getLoginPageTitle(LoginPage.java:30)
at com.qa.anc.page.LoginPage.getLoginPageTitle(LoginPage.java:30)
at com.qa.anc.page.LoginPage.getLoginPageTitle(LoginPage.java:30)
at com.qa.anc.page.LoginPage.getLoginPageTitle(LoginPage.java:30)
at com.qa.anc.page.LoginPage.getLoginPageTitle(LoginPage.java:30)
at com.qa.anc.page.LoginPage.getLoginPageTitle(LoginPage.java:30)
at com.qa.anc.page.LoginPage.getLoginPageTitle(LoginPage.java:30)
at com.qa.anc.page.LoginPage.getLoginPageTitle(LoginPage.java:30)
at com.qa.anc.page.LoginPage.getLoginPageTitle(LoginPage.java:30)
at com.qa.anc.page.LoginPage.getLoginPageTitle(LoginPage.java:30)
at com.qa.anc.page.LoginPage.getLoginPageTitle(LoginPage.java:30)
at com.qa.anc.page.LoginPage.getLoginPageTitle(LoginPage.java:30)
at com.qa.anc.page.LoginPage.getLoginPageTitle(LoginPage.java:30)
at com.qa.anc.page.LoginPage.getLoginPageTitle(LoginPage.java:30)
at com.qa.anc.page.LoginPage.getLoginPageTitle(LoginPage.java:30)
at com.qa.anc.page.LoginPage.getLoginPageTitle(LoginPage.java:30)
at com.qa.anc.page.LoginPage.getLoginPageTitle(LoginPage.java:30)
at com.qa.anc.page.LoginPage.getLoginPageTitle(LoginPage.java:30)
at com.qa.anc.page.LoginPage.getLoginPageTitle(LoginPage.java:30)
at com.qa.anc.page.LoginPage.getLoginPageTitle(LoginPage.java:30)
at com.qa.anc.page.LoginPage.getLoginPageTitle(LoginPage.java:30)
at com.qa.anc.page.LoginPage.getLoginPageTitle(LoginPage.java:30)
at com.qa.anc.page.LoginPage.getLoginPageTitle(LoginPage.java:30)
at com.qa.anc.page.LoginPage.getLoginPageTitle(LoginPage.java:30)
at com.qa.anc.page.LoginPage.getLoginPageTitle(LoginPage.java:30)
at com.qa.anc.page.LoginPage.getLoginPageTitle(LoginPage.java:30)
at com.qa.anc.page.LoginPage.getLoginPageTitle(LoginPage.java:30)
at com.qa.anc.page.LoginPage.getLoginPageTitle(LoginPage.java:30)
at com.qa.anc.page.LoginPage.getLoginPageTitle(LoginPage.java:30)
at com.qa.anc.page.LoginPage.getLoginPageTitle(LoginPage.java:30)
at com.qa.anc.page.LoginPage.getLoginPageTitle(LoginPage.java:30)
at com.qa.anc.page.LoginPage.getLoginPageTitle(LoginPage.java:30)
at com.qa.anc.page.LoginPage.getLoginPageTitle(LoginPage.java:30)
at com.qa.anc.page.LoginPage.getLoginPageTitle(LoginPage.java:30)
at com.qa.anc.page.LoginPage.getLoginPageTitle(LoginPage.java:30)
at com.qa.anc.page.LoginPage.getLoginPageTitle(LoginPage.java:30)
at com.qa.anc.page.LoginPage.getLoginPageTitle(LoginPage.java:30)
at com.qa.anc.page.LoginPage.getLoginPageTitle(LoginPage.java:30)
at com.qa.anc.page.LoginPage.getLoginPageTitle(LoginPage.java:30)
at com.qa.anc.page.LoginPage.getLoginPageTitle(LoginPage.java:30)
at com.qa.anc.page.LoginPage.getLoginPageTitle(LoginPage.java:30)
at com.qa.anc.page.LoginPage.getLoginPageTitle(LoginPage.java:30)
at com.qa.anc.page.LoginPage.getLoginPageTitle(LoginPage.java:30)
at com.qa.anc.page.LoginPage.getLoginPageTitle(LoginPage.java:30)
at com.qa.anc.page.LoginPage.getLoginPageTitle(LoginPage.java:30)
at com.qa.anc.page.LoginPage.getLoginPageTitle(LoginPage.java:30)
at com.qa.anc.page.LoginPage.getLoginPageTitle(LoginPage.java:30)
at com.qa.anc.page.LoginPage.getLoginPageTitle(LoginPage.java:30)
at com.qa.anc.page.LoginPage.getLoginPageTitle(LoginPage.java:30)
at com.qa.anc.page.LoginPage.getLoginPageTitle(LoginPage.java:30)
at com.qa.anc.page.LoginPage.getLoginPageTitle(LoginPage.java:30)
at com.qa.anc.page.LoginPage.getLoginPageTitle(LoginPage.java:30)
at com.qa.anc.page.LoginPage.getLoginPageTitle(LoginPage.java:30)
at com.qa.anc.page.LoginPage.getLoginPageTitle(LoginPage.java:30)
at com.qa.anc.page.LoginPage.getLoginPageTitle(LoginPage.java:30)
at com.qa.anc.page.LoginPage.getLoginPageTitle(LoginPage.java:30)
at com.qa.anc.page.LoginPage.getLoginPageTitle(LoginPage.java:30)
at com.qa.anc.page.LoginPage.getLoginPageTitle(LoginPage.java:30)
at com.qa.anc.page.LoginPage.getLoginPageTitle(LoginPage.java:30)
at com.qa.anc.page.LoginPage.getLoginPageTitle(LoginPage.java:30)
at com.qa.anc.page.LoginPage.getLoginPageTitle(LoginPage.java:30)
at com.qa.anc.page.LoginPage.getLoginPageTitle(LoginPage.java:30)
at com.qa.anc.page.LoginPage.getLoginPageTitle(LoginPage.java:30)
at com.qa.anc.page.LoginPage.getLoginPageTitle(LoginPage.java:30)
at com.qa.anc.page.LoginPage.getLoginPageTitle(LoginPage.java:30)
at com.qa.anc.page.LoginPage.getLoginPageTitle(LoginPage.java:30)
at com.qa.anc.page.LoginPage.getLoginPageTitle(LoginPage.java:30)
at com.qa.anc.page.LoginPage.getLoginPageTitle(LoginPage.java:30)
at com.qa.anc.page.LoginPage.getLoginPageTitle(LoginPage.java:30)
at com.qa.anc.page.LoginPage.getLoginPageTitle(LoginPage.java:30)
at com.qa.anc.page.LoginPage.getLoginPageTitle(LoginPage.java:30)
at com.qa.anc.page.LoginPage.getLoginPageTitle(LoginPage.java:30)
at com.qa.anc.page.LoginPage.getLoginPageTitle(LoginPage.java:30)
at com.qa.anc.page.LoginPage.getLoginPageTitle(LoginPage.java:30)
at com.qa.anc.page.LoginPage.getLoginPageTitle(LoginPage.java:30)
at com.qa.anc.page.LoginPage.getLoginPageTitle(LoginPage.java:30)
at com.qa.anc.page.LoginPage.getLoginPageTitle(LoginPage.java:30)
at com.qa.anc.page.LoginPage.getLoginPageTitle(LoginPage.java:30)
at com.qa.anc.page.LoginPage.getLoginPageTitle(LoginPage.java:30)
at com.qa.anc.page.LoginPage.getLoginPageTitle(LoginPage.java:30)
at com.qa.anc.page.LoginPage.getLoginPageTitle(LoginPage.java:30)
at com.qa.anc.page.LoginPage.getLoginPageTitle(LoginPage.java:30)
at com.qa.anc.page.LoginPage.getLoginPageTitle(LoginPage.java:30)
at com.qa.anc.page.LoginPage.getLoginPageTitle(LoginPage.java:30)
at com.qa.anc.page.LoginPage.getLoginPageTitle(LoginPage.java:30)
at com.qa.anc.page.LoginPage.getLoginPageTitle(LoginPage.java:30)
at com.qa.anc.page.LoginPage.getLoginPageTitle(LoginPage.java:30)
at com.qa.anc.page.LoginPage.getLoginPageTitle(LoginPage.java:30)
at com.qa.anc.page.LoginPage.getLoginPageTitle(LoginPage.java:30)
at com.qa.anc.page.LoginPage.getLoginPageTitle(LoginPage.java:30)
at com.qa.anc.page.LoginPage.getLoginPageTitle(LoginPage.java:30)
at com.qa.anc.page.LoginPage.getLoginPageTitle(LoginPage.java:30)
at com.qa.anc.page.LoginPage.getLoginPageTitle(LoginPage.java:30)
at com.qa.anc.page.LoginPage.getLoginPageTitle(LoginPage.java:30)
at com.qa.anc.page.LoginPage.getLoginPageTitle(LoginPage.java:30)
at com.qa.anc.page.LoginPage.getLoginPageTitle(LoginPage.java:30)
at com.qa.anc.page.LoginPage.getLoginPageTitle(LoginPage.java:30)
at com.qa.anc.page.LoginPage.getLoginPageTitle(LoginPage.java:30)
at com.qa.anc.page.LoginPage.getLoginPageTitle(LoginPage.java:30)
at com.qa.anc.page.LoginPage.getLoginPageTitle(LoginPage.java:30)
at com.qa.anc.page.LoginPage.getLoginPageTitle(LoginPage.java:30)
at com.qa.anc.page.LoginPage.getLoginPageTitle(LoginPage.java:30)
at com.qa.anc.page.LoginPage.getLoginPageTitle(LoginPage.java:30)
at com.qa.anc.page.LoginPage.getLoginPageTitle(LoginPage.java:30)
at com.qa.anc.page.LoginPage.getLoginPageTitle(LoginPage.java:30)
at com.qa.anc.page.LoginPage.getLoginPageTitle(LoginPage.java:30)
at com.qa.anc.page.LoginPage.getLoginPageTitle(LoginPage.java:30)
at com.qa.anc.page.LoginPage.getLoginPageTitle(LoginPage.java:30)
at com.qa.anc.page.LoginPage.getLoginPageTitle(LoginPage.java:30)
at com.qa.anc.page.LoginPage.getLoginPageTitle(LoginPage.java:30)
at com.qa.anc.page.LoginPage.getLoginPageTitle(LoginPage.java:30)
at com.qa.anc.page.LoginPage.getLoginPageTitle(LoginPage.java:30)
at com.qa.anc.page.LoginPage.getLoginPageTitle(LoginPage.java:30)
at com.qa.anc.page.LoginPage.getLoginPageTitle(LoginPage.java:30)
at com.qa.anc.page.LoginPage.getLoginPageTitle(LoginPage.java:30)
at com.qa.anc.page.LoginPage.getLoginPageTitle(LoginPage.java:30)
at com.qa.anc.page.LoginPage.getLoginPageTitle(LoginPage.java:30)
at com.qa.anc.page.LoginPage.getLoginPageTitle(LoginPage.java:30)
at com.qa.anc.page.LoginPage.getLoginPageTitle(LoginPage.java:30)
at com.qa.anc.page.LoginPage.getLoginPageTitle(LoginPage.java:30)
at com.qa.anc.page.LoginPage.getLoginPageTitle(LoginPage.java:30)
at com.qa.anc.page.LoginPage.getLoginPageTitle(LoginPage.java:30)
at com.qa.anc.page.LoginPage.getLoginPageTitle(LoginPage.java:30)
at com.qa.anc.page.LoginPage.getLoginPageTitle(LoginPage.java:30)
at com.qa.anc.page.LoginPage.getLoginPageTitle(LoginPage.java:30)
at com.qa.anc.page.LoginPage.getLoginPageTitle(LoginPage.java:30)
at com.qa.anc.page.LoginPage.getLoginPageTitle(LoginPage.java:30)
at com.qa.anc.page.LoginPage.getLoginPageTitle(LoginPage.java:30)
at com.qa.anc.page.LoginPage.getLoginPageTitle(LoginPage.java:30)
at com.qa.anc.page.LoginPage.getLoginPageTitle(LoginPage.java:30)
at com.qa.anc.page.LoginPage.getLoginPageTitle(LoginPage.java:30)
at com.qa.anc.page.LoginPage.getLoginPageTitle(LoginPage.java:30)
at com.qa.anc.page.LoginPage.getLoginPageTitle(LoginPage.java:30)
at com.qa.anc.page.LoginPage.getLoginPageTitle(LoginPage.java:30)
at com.qa.anc.page.LoginPage.getLoginPageTitle(LoginPage.java:30)
at com.qa.anc.page.LoginPage.getLoginPageTitle(LoginPage.java:30)
at com.qa.anc.page.LoginPage.getLoginPageTitle(LoginPage.java:30)
at com.qa.anc.page.LoginPage.getLoginPageTitle(LoginPage.java:30)
at com.qa.anc.page.LoginPage.getLoginPageTitle(LoginPage.java:30)
at com.qa.anc.page.LoginPage.getLoginPageTitle(LoginPage.java:30)
at com.qa.anc.page.LoginPage.getLoginPageTitle(LoginPage.java:30)
at com.qa.anc.page.LoginPage.getLoginPageTitle(LoginPage.java:30)
at com.qa.anc.page.LoginPage.getLoginPageTitle(LoginPage.java:30)
at com.qa.anc.page.LoginPage.getLoginPageTitle(LoginPage.java:30)
at com.qa.anc.page.LoginPage.getLoginPageTitle(LoginPage.java:30)
at com.qa.anc.page.LoginPage.getLoginPageTitle(LoginPage.java:30)
at com.qa.anc.page.LoginPage.getLoginPageTitle(LoginPage.java:30)
at com.qa.anc.page.LoginPage.getLoginPageTitle(LoginPage.java:30)
at com.qa.anc.page.LoginPage.getLoginPageTitle(LoginPage.java:30)
at com.qa.anc.page.LoginPage.getLoginPageTitle(LoginPage.java:30)
at com.qa.anc.page.LoginPage.getLoginPageTitle(LoginPage.java:30)
at com.qa.anc.page.LoginPage.getLoginPageTitle(LoginPage.java:30)
at com.qa.anc.page.LoginPage.getLoginPageTitle(LoginPage.java:30)
at com.qa.anc.page.LoginPage.getLoginPageTitle(LoginPage.java:30)
at com.qa.anc.page.LoginPage.getLoginPageTitle(LoginPage.java:30)
at com.qa.anc.page.LoginPage.getLoginPageTitle(LoginPage.java:30)
at com.qa.anc.page.LoginPage.getLoginPageTitle(LoginPage.java:30)
at com.qa.anc.page.LoginPage.getLoginPageTitle(LoginPage.java:30)
at com.qa.anc.page.LoginPage.getLoginPageTitle(LoginPage.java:30)
at com.qa.anc.page.LoginPage.getLoginPageTitle(LoginPage.java:30)
at com.qa.anc.page.LoginPage.getLoginPageTitle(LoginPage.java:30)
at com.qa.anc.page.LoginPage.getLoginPageTitle(LoginPage.java:30)
at com.qa.anc.page.LoginPage.getLoginPageTitle(LoginPage.java:30)
at com.qa.anc.page.LoginPage.getLoginPageTitle(LoginPage.java:30)
at com.qa.anc.page.LoginPage.getLoginPageTitle(LoginPage.java:30)
at com.qa.anc.page.LoginPage.getLoginPageTitle(LoginPage.java:30)
at com.qa.anc.page.LoginPage.getLoginPageTitle(LoginPage.java:30)
at com.qa.anc.page.LoginPage.getLoginPageTitle(LoginPage.java:30)
at com.qa.anc.page.LoginPage.getLoginPageTitle(LoginPage.java:30)
at com.qa.anc.page.LoginPage.getLoginPageTitle(LoginPage.java:30)
at com.qa.anc.page.LoginPage.getLoginPageTitle(LoginPage.java:30)
at com.qa.anc.page.LoginPage.getLoginPageTitle(LoginPage.java:30)
at com.qa.anc.page.LoginPage.getLoginPageTitle(LoginPage.java:30)
at com.qa.anc.page.LoginPage.getLoginPageTitle(LoginPage.java:30)
at com.qa.anc.page.LoginPage.getLoginPageTitle(LoginPage.java:30)
at com.qa.anc.page.LoginPage.getLoginPageTitle(LoginPage.java:30)
at com.qa.anc.page.LoginPage.getLoginPageTitle(LoginPage.java:30)
at com.qa.anc.page.LoginPage.getLoginPageTitle(LoginPage.java:30)
at com.qa.anc.page.LoginPage.getLoginPageTitle(LoginPage.java:30)
at com.qa.anc.page.LoginPage.getLoginPageTitle(LoginPage.java:30)
at com.qa.anc.page.LoginPage.getLoginPageTitle(LoginPage.java:30)
at com.qa.anc.page.LoginPage.getLoginPageTitle(LoginPage.java:30)
at com.qa.anc.page.LoginPage.getLoginPageTitle(LoginPage.java:30)
at com.qa.anc.page.LoginPage.getLoginPageTitle(LoginPage.java:30)
at com.qa.anc.page.LoginPage.getLoginPageTitle(LoginPage.java:30)
at com.qa.anc.page.LoginPage.getLoginPageTitle(LoginPage.java:30)
at com.qa.anc.page.LoginPage.getLoginPageTitle(LoginPage.java:30)
at com.qa.anc.page.LoginPage.getLoginPageTitle(LoginPage.java:30)
at com.qa.anc.page.LoginPage.getLoginPageTitle(LoginPage.java:30)
at com.qa.anc.page.LoginPage.getLoginPageTitle(LoginPage.java:30)
at com.qa.anc.page.LoginPage.getLoginPageTitle(LoginPage.java:30)
at com.qa.anc.page.LoginPage.getLoginPageTitle(LoginPage.java:30)
at com.qa.anc.page.LoginPage.getLoginPageTitle(LoginPage.java:30)
at com.qa.anc.page.LoginPage.getLoginPageTitle(LoginPage.java:30)
at com.qa.anc.page.LoginPage.getLoginPageTitle(LoginPage.java:30)
at com.qa.anc.page.LoginPage.getLoginPageTitle(LoginPage.java:30)
at com.qa.anc.page.LoginPage.getLoginPageTitle(LoginPage.java:30)
at com.qa.anc.page.LoginPage.getLoginPageTitle(LoginPage.java:30)
at com.qa.anc.page.LoginPage.getLoginPageTitle(LoginPage.java:30)
at com.qa.anc.page.LoginPage.getLoginPageTitle(LoginPage.java:30)
at com.qa.anc.page.LoginPage.getLoginPageTitle(LoginPage.java:30)
at com.qa.anc.page.LoginPage.getLoginPageTitle(LoginPage.java:30)
at com.qa.anc.page.LoginPage.getLoginPageTitle(LoginPage.java:30)
at com.qa.anc.page.LoginPage.getLoginPageTitle(LoginPage.java:30)
at com.qa.anc.page.LoginPage.getLoginPageTitle(LoginPage.java:30)
at com.qa.anc.page.LoginPage.getLoginPageTitle(LoginPage.java:30)
at com.qa.anc.page.LoginPage.getLoginPageTitle(LoginPage.java:30)
at com.qa.anc.page.LoginPage.getLoginPageTitle(LoginPage.java:30)
at com.qa.anc.page.LoginPage.getLoginPageTitle(LoginPage.java:30)
at com.qa.anc.page.LoginPage.getLoginPageTitle(LoginPage.java:30)
at com.qa.anc.page.LoginPage.getLoginPageTitle(LoginPage.java:30)
at com.qa.anc.page.LoginPage.getLoginPageTitle(LoginPage.java:30)
at com.qa.anc.page.LoginPage.getLoginPageTitle(LoginPage.java:30)
at com.qa.anc.page.LoginPage.getLoginPageTitle(LoginPage.java:30)
at com.qa.anc.page.LoginPage.getLoginPageTitle(LoginPage.java:30)
at com.qa.anc.page.LoginPage.getLoginPageTitle(LoginPage.java:30)
at com.qa.anc.page.LoginPage.getLoginPageTitle(LoginPage.java:30)
at com.qa.anc.page.LoginPage.getLoginPageTitle(LoginPage.java:30)
at com.qa.anc.page.LoginPage.getLoginPageTitle(LoginPage.java:30)
at com.qa.anc.page.LoginPage.getLoginPageTitle(LoginPage.java:30)
at com.qa.anc.page.LoginPage.getLoginPageTitle(LoginPage.java:30)
at com.qa.anc.page.LoginPage.getLoginPageTitle(LoginPage.java:30)
at com.qa.anc.page.LoginPage.getLoginPageTitle(LoginPage.java:30)
at com.qa.anc.page.LoginPage.getLoginPageTitle(LoginPage.java:30)
at com.qa.anc.page.LoginPage.getLoginPageTitle(LoginPage.java:30)
at com.qa.anc.page.LoginPage.getLoginPageTitle(LoginPage.java:30)
at com.qa.anc.page.LoginPage.getLoginPageTitle(LoginPage.java:30)
at com.qa.anc.page.LoginPage.getLoginPageTitle(LoginPage.java:30)
at com.qa.anc.page.LoginPage.getLoginPageTitle(LoginPage.java:30)
at com.qa.anc.page.LoginPage.getLoginPageTitle(LoginPage.java:30)
at com.qa.anc.page.LoginPage.getLoginPageTitle(LoginPage.java:30)
at com.qa.anc.page.LoginPage.getLoginPageTitle(LoginPage.java:30)
at com.qa.anc.page.LoginPage.getLoginPageTitle(LoginPage.java:30)
at com.qa.anc.page.LoginPage.getLoginPageTitle(LoginPage.java:30)
at com.qa.anc.page.LoginPage.getLoginPageTitle(LoginPage.java:30)
at com.qa.anc.page.LoginPage.getLoginPageTitle(LoginPage.java:30)
at com.qa.anc.page.LoginPage.getLoginPageTitle(LoginPage.java:30)
at com.qa.anc.page.LoginPage.getLoginPageTitle(LoginPage.java:30)
at com.qa.anc.page.LoginPage.getLoginPageTitle(LoginPage.java:30)
at com.qa.anc.page.LoginPage.getLoginPageTitle(LoginPage.java:30)
at com.qa.anc.page.LoginPage.getLoginPageTitle(LoginPage.java:30)
at com.qa.anc.page.LoginPage.getLoginPageTitle(LoginPage.java:30)
at com.qa.anc.page.LoginPage.getLoginPageTitle(LoginPage.java:30)
at com.qa.anc.page.LoginPage.getLoginPageTitle(LoginPage.java:30)
at com.qa.anc.page.LoginPage.getLoginPageTitle(LoginPage.java:30)
at com.qa.anc.page.LoginPage.getLoginPageTitle(LoginPage.java:30)
at com.qa.anc.page.LoginPage.getLoginPageTitle(LoginPage.java:30)
at com.qa.anc.page.LoginPage.getLoginPageTitle(LoginPage.java:30)
at com.qa.anc.page.LoginPage.getLoginPageTitle(LoginPage.java:30)
at com.qa.anc.page.LoginPage.getLoginPageTitle(LoginPage.java:30)
at com.qa.anc.page.LoginPage.getLoginPageTitle(LoginPage.java:30)
at com.qa.anc.page.LoginPage.getLoginPageTitle(LoginPage.java:30)
at com.qa.anc.page.LoginPage.getLoginPageTitle(LoginPage.java:30)
at com.qa.anc.page.LoginPage.getLoginPageTitle(LoginPage.java:30)
at com.qa.anc.page.LoginPage.getLoginPageTitle(LoginPage.java:30)
at com.qa.anc.page.LoginPage.getLoginPageTitle(LoginPage.java:30)
at com.qa.anc.page.LoginPage.getLoginPageTitle(LoginPage.java:30)
at com.qa.anc.page.LoginPage.getLoginPageTitle(LoginPage.java:30)
at com.qa.anc.page.LoginPage.getLoginPageTitle(LoginPage.java:30)
at com.qa.anc.page.LoginPage.getLoginPageTitle(LoginPage.java:30)
at com.qa.anc.page.LoginPage.getLoginPageTitle(LoginPage.java:30)
at com.qa.anc.page.LoginPage.getLoginPageTitle(LoginPage.java:30)
at com.qa.anc.page.LoginPage.getLoginPageTitle(LoginPage.java:30)
at com.qa.anc.page.LoginPage.getLoginPageTitle(LoginPage.java:30)
at com.qa.anc.page.LoginPage.getLoginPageTitle(LoginPage.java:30)
at com.qa.anc.page.LoginPage.getLoginPageTitle(LoginPage.java:30)
at com.qa.anc.page.LoginPage.getLoginPageTitle(LoginPage.java:30)
at com.qa.anc.page.LoginPage.getLoginPageTitle(LoginPage.java:30)
at com.qa.anc.page.LoginPage.getLoginPageTitle(LoginPage.java:30)
at com.qa.anc.page.LoginPage.getLoginPageTitle(LoginPage.java:30)
at com.qa.anc.page.LoginPage.getLoginPageTitle(LoginPage.java:30)
at com.qa.anc.page.LoginPage.getLoginPageTitle(LoginPage.java:30)
at com.qa.anc.page.LoginPage.getLoginPageTitle(LoginPage.java:30)
at com.qa.anc.page.LoginPage.getLoginPageTitle(LoginPage.java:30)
at com.qa.anc.page.LoginPage.getLoginPageTitle(LoginPage.java:30)
at com.qa.anc.page.LoginPage.getLoginPageTitle(LoginPage.java:30)
at com.qa.anc.page.LoginPage.getLoginPageTitle(LoginPage.java:30)
at com.qa.anc.page.LoginPage.getLoginPageTitle(LoginPage.java:30)
at com.qa.anc.page.LoginPage.getLoginPageTitle(LoginPage.java:30)
at com.qa.anc.page.LoginPage.getLoginPageTitle(LoginPage.java:30)
at com.qa.anc.page.LoginPage.getLoginPageTitle(LoginPage.java:30)
at com.qa.anc.page.LoginPage.getLoginPageTitle(LoginPage.java:30)
at com.qa.anc.page.LoginPage.getLoginPageTitle(LoginPage.java:30)
at com.qa.anc.page.LoginPage.getLoginPageTitle(LoginPage.java:30)
at com.qa.anc.page.LoginPage.getLoginPageTitle(LoginPage.java:30)
at com.qa.anc.page.LoginPage.getLoginPageTitle(LoginPage.java:30)
at com.qa.anc.page.LoginPage.getLoginPageTitle(LoginPage.java:30)
at com.qa.anc.page.LoginPage.getLoginPageTitle(LoginPage.java:30)
at com.qa.anc.page.LoginPage.getLoginPageTitle(LoginPage.java:30)
at com.qa.anc.page.LoginPage.getLoginPageTitle(LoginPage.java:30)
at com.qa.anc.page.LoginPage.getLoginPageTitle(LoginPage.java:30)
at com.qa.anc.page.LoginPage.getLoginPageTitle(LoginPage.java:30)
at com.qa.anc.page.LoginPage.getLoginPageTitle(LoginPage.java:30)
at com.qa.anc.page.LoginPage.getLoginPageTitle(LoginPage.java:30)
at com.qa.anc.page.LoginPage.getLoginPageTitle(LoginPage.java:30)
at com.qa.anc.page.LoginPage.getLoginPageTitle(LoginPage.java:30)
at com.qa.anc.page.LoginPage.getLoginPageTitle(LoginPage.java:30)
at com.qa.anc.page.LoginPage.getLoginPageTitle(LoginPage.java:30)
at com.qa.anc.page.LoginPage.getLoginPageTitle(LoginPage.java:30)
at com.qa.anc.page.LoginPage.getLoginPageTitle(LoginPage.java:30)
at com.qa.anc.page.LoginPage.getLoginPageTitle(LoginPage.java:30)
at com.qa.anc.page.LoginPage.getLoginPageTitle(LoginPage.java:30)
at com.qa.anc.page.LoginPage.getLoginPageTitle(LoginPage.java:30)
at com.qa.anc.page.LoginPage.getLoginPageTitle(LoginPage.java:30)
at com.qa.anc.page.LoginPage.getLoginPageTitle(LoginPage.java:30)
at com.qa.anc.page.LoginPage.getLoginPageTitle(LoginPage.java:30)
at com.qa.anc.page.LoginPage.getLoginPageTitle(LoginPage.java:30)
at com.qa.anc.page.LoginPage.getLoginPageTitle(LoginPage.java:30)
at com.qa.anc.page.LoginPage.getLoginPageTitle(LoginPage.java:30)
at com.qa.anc.page.LoginPage.getLoginPageTitle(LoginPage.java:30)
at com.qa.anc.page.LoginPage.getLoginPageTitle(LoginPage.java:30)
at com.qa.anc.page.LoginPage.getLoginPageTitle(LoginPage.java:30)
at com.qa.anc.page.LoginPage.getLoginPageTitle(LoginPage.java:30)
at com.qa.anc.page.LoginPage.getLoginPageTitle(LoginPage.java:30)
at com.qa.anc.page.LoginPage.getLoginPageTitle(LoginPage.java:30)
at com.qa.anc.page.LoginPage.getLoginPageTitle(LoginPage.java:30)
at com.qa.anc.page.LoginPage.getLoginPageTitle(LoginPage.java:30)
at com.qa.anc.page.LoginPage.getLoginPageTitle(LoginPage.java:30)
at com.qa.anc.page.LoginPage.getLoginPageTitle(LoginPage.java:30)
at com.qa.anc.page.LoginPage.getLoginPageTitle(LoginPage.java:30)
at com.qa.anc.page.LoginPage.getLoginPageTitle(LoginPage.java:30)
at com.qa.anc.page.LoginPage.getLoginPageTitle(LoginPage.java:30)
at com.qa.anc.page.LoginPage.getLoginPageTitle(LoginPage.java:30)
at com.qa.anc.page.LoginPage.getLoginPageTitle(LoginPage.java:30)
at com.qa.anc.page.LoginPage.getLoginPageTitle(LoginPage.java:30)
at com.qa.anc.page.LoginPage.getLoginPageTitle(LoginPage.java:30)
at com.qa.anc.page.LoginPage.getLoginPageTitle(LoginPage.java:30)
at com.qa.anc.page.LoginPage.getLoginPageTitle(LoginPage.java:30)
at com.qa.anc.page.LoginPage.getLoginPageTitle(LoginPage.java:30)
at com.qa.anc.page.LoginPage.getLoginPageTitle(LoginPage.java:30)
at com.qa.anc.page.LoginPage.getLoginPageTitle(LoginPage.java:30)
at com.qa.anc.page.LoginPage.getLoginPageTitle(LoginPage.java:30)
at com.qa.anc.page.LoginPage.getLoginPageTitle(LoginPage.java:30)
at com.qa.anc.page.LoginPage.getLoginPageTitle(LoginPage.java:30)
at com.qa.anc.page.LoginPage.getLoginPageTitle(LoginPage.java:30)
at com.qa.anc.page.LoginPage.getLoginPageTitle(LoginPage.java:30)
at com.qa.anc.page.LoginPage.getLoginPageTitle(LoginPage.java:30)
at com.qa.anc.page.LoginPage.getLoginPageTitle(LoginPage.java:30)
at com.qa.anc.page.LoginPage.getLoginPageTitle(LoginPage.java:30)
at com.qa.anc.page.LoginPage.getLoginPageTitle(LoginPage.java:30)
at com.qa.anc.page.LoginPage.getLoginPageTitle(LoginPage.java:30)
at com.qa.anc.page.LoginPage.getLoginPageTitle(LoginPage.java:30)
at com.qa.anc.page.LoginPage.getLoginPageTitle(LoginPage.java:30)
at com.qa.anc.page.LoginPage.getLoginPageTitle(LoginPage.java:30)
at com.qa.anc.page.LoginPage.getLoginPageTitle(LoginPage.java:30)
at com.qa.anc.page.LoginPage.getLoginPageTitle(LoginPage.java:30)
at com.qa.anc.page.LoginPage.getLoginPageTitle(LoginPage.java:30)
at com.qa.anc.page.LoginPage.getLoginPageTitle(LoginPage.java:30)
at com.qa.anc.page.LoginPage.getLoginPageTitle(LoginPage.java:30)
at com.qa.anc.page.LoginPage.getLoginPageTitle(LoginPage.java:30)
at com.qa.anc.page.LoginPage.getLoginPageTitle(LoginPage.java:30)
at com.qa.anc.page.LoginPage.getLoginPageTitle(LoginPage.java:30)
at com.qa.anc.page.LoginPage.getLoginPageTitle(LoginPage.java:30)
at com.qa.anc.page.LoginPage.getLoginPageTitle(LoginPage.java:30)
at com.qa.anc.page.LoginPage.getLoginPageTitle(LoginPage.java:30)
at com.qa.anc.page.LoginPage.getLoginPageTitle(LoginPage.java:30)
at com.qa.anc.page.LoginPage.getLoginPageTitle(LoginPage.java:30)
at com.qa.anc.page.LoginPage.getLoginPageTitle(LoginPage.java:30)
at com.qa.anc.page.LoginPage.getLoginPageTitle(LoginPage.java:30)
at com.qa.anc.page.LoginPage.getLoginPageTitle(LoginPage.java:30)
at com.qa.anc.page.LoginPage.getLoginPageTitle(LoginPage.java:30)
at com.qa.anc.page.LoginPage.getLoginPageTitle(LoginPage.java:30)
at com.qa.anc.page.LoginPage.getLoginPageTitle(LoginPage.java:30)
at com.qa.anc.page.LoginPage.getLoginPageTitle(LoginPage.java:30)
at com.qa.anc.page.LoginPage.getLoginPageTitle(LoginPage.java:30)
at com.qa.anc.page.LoginPage.getLoginPageTitle(LoginPage.java:30)
at com.qa.anc.page.LoginPage.getLoginPageTitle(LoginPage.java:30)
at com.qa.anc.page.LoginPage.getLoginPageTitle(LoginPage.java:30)
at com.qa.anc.page.LoginPage.getLoginPageTitle(LoginPage.java:30)
at com.qa.anc.page.LoginPage.getLoginPageTitle(LoginPage.java:30)
at com.qa.anc.page.LoginPage.getLoginPageTitle(LoginPage.java:30)
at com.qa.anc.page.LoginPage.getLoginPageTitle(LoginPage.java:30)
at com.qa.anc.page.LoginPage.getLoginPageTitle(LoginPage.java:30)
at com.qa.anc.page.LoginPage.getLoginPageTitle(LoginPage.java:30)
at com.qa.anc.page.LoginPage.getLoginPageTitle(LoginPage.java:30)
at com.qa.anc.page.LoginPage.getLoginPageTitle(LoginPage.java:30)
at com.qa.anc.page.LoginPage.getLoginPageTitle(LoginPage.java:30)
at com.qa.anc.page.LoginPage.getLoginPageTitle(LoginPage.java:30)
at com.qa.anc.page.LoginPage.getLoginPageTitle(LoginPage.java:30)
at com.qa.anc.page.LoginPage.getLoginPageTitle(LoginPage.java:30)
at com.qa.anc.page.LoginPage.getLoginPageTitle(LoginPage.java:30)
at com.qa.anc.page.LoginPage.getLoginPageTitle(LoginPage.java:30)
at com.qa.anc.page.LoginPage.getLoginPageTitle(LoginPage.java:30)
at com.qa.anc.page.LoginPage.getLoginPageTitle(LoginPage.java:30)
at com.qa.anc.page.LoginPage.getLoginPageTitle(LoginPage.java:30)
at com.qa.anc.page.LoginPage.getLoginPageTitle(LoginPage.java:30)
at com.qa.anc.page.LoginPage.getLoginPageTitle(LoginPage.java:30)
at com.qa.anc.page.LoginPage.getLoginPageTitle(LoginPage.java:30)
at com.qa.anc.page.LoginPage.getLoginPageTitle(LoginPage.java:30)
at com.qa.anc.page.LoginPage.getLoginPageTitle(LoginPage.java:30)
at com.qa.anc.page.LoginPage.getLoginPageTitle(LoginPage.java:30)
at com.qa.anc.page.LoginPage.getLoginPageTitle(LoginPage.java:30)
at com.qa.anc.page.LoginPage.getLoginPageTitle(LoginPage.java:30)
at com.qa.anc.page.LoginPage.getLoginPageTitle(LoginPage.java:30)
at com.qa.anc.page.LoginPage.getLoginPageTitle(LoginPage.java:30)
at com.qa.anc.page.LoginPage.getLoginPageTitle(LoginPage.java:30)
at com.qa.anc.page.LoginPage.getLoginPageTitle(LoginPage.java:30)
at com.qa.anc.page.LoginPage.getLoginPageTitle(LoginPage.java:30)
at com.qa.anc.page.LoginPage.getLoginPageTitle(LoginPage.java:30)
at com.qa.anc.page.LoginPage.getLoginPageTitle(LoginPage.java:30)
at com.qa.anc.page.LoginPage.getLoginPageTitle(LoginPage.java:30)
at com.qa.anc.page.LoginPage.getLoginPageTitle(LoginPage.java:30)
at com.qa.anc.page.LoginPage.getLoginPageTitle(LoginPage.java:30)
at com.qa.anc.page.LoginPage.getLoginPageTitle(LoginPage.java:30)
at com.qa.anc.page.LoginPage.getLoginPageTitle(LoginPage.java:30)
at com.qa.anc.page.LoginPage.getLoginPageTitle(LoginPage.java:30)
at com.qa.anc.page.LoginPage.getLoginPageTitle(LoginPage.java:30)
at com.qa.anc.page.LoginPage.getLoginPageTitle(LoginPage.java:30)
at com.qa.anc.page.LoginPage.getLoginPageTitle(LoginPage.java:30)
at com.qa.anc.page.LoginPage.getLoginPageTitle(LoginPage.java:30)
at com.qa.anc.page.LoginPage.getLoginPageTitle(LoginPage.java:30)
at com.qa.anc.page.LoginPage.getLoginPageTitle(LoginPage.java:30)
at com.qa.anc.page.LoginPage.getLoginPageTitle(LoginPage.java:30)
at com.qa.anc.page.LoginPage.getLoginPageTitle(LoginPage.java:30)
at com.qa.anc.page.LoginPage.getLoginPageTitle(LoginPage.java:30)
at com.qa.anc.page.LoginPage.getLoginPageTitle(LoginPage.java:30)
at com.qa.anc.page.LoginPage.getLoginPageTitle(LoginPage.java:30)
at com.qa.anc.page.LoginPage.getLoginPageTitle(LoginPage.java:30)
at com.qa.anc.page.LoginPage.getLoginPageTitle(LoginPage.java:30)
at com.qa.anc.page.LoginPage.getLoginPageTitle(LoginPage.java:30)
at com.qa.anc.page.LoginPage.getLoginPageTitle(LoginPage.java:30)
at com.qa.anc.page.LoginPage.getLoginPageTitle(LoginPage.java:30)
at com.qa.anc.page.LoginPage.getLoginPageTitle(LoginPage.java:30)
at com.qa.anc.page.LoginPage.getLoginPageTitle(LoginPage.java:30)
at com.qa.anc.page.LoginPage.getLoginPageTitle(LoginPage.java:30)
at com.qa.anc.page.LoginPage.getLoginPageTitle(LoginPage.java:30)
at com.qa.anc.page.LoginPage.getLoginPageTitle(LoginPage.java:30)
at com.qa.anc.page.LoginPage.getLoginPageTitle(LoginPage.java:30)
at com.qa.anc.page.LoginPage.getLoginPageTitle(LoginPage.java:30)
at com.qa.anc.page.LoginPage.getLoginPageTitle(LoginPage.java:30)
at com.qa.anc.page.LoginPage.getLoginPageTitle(LoginPage.java:30)
at com.qa.anc.page.LoginPage.getLoginPageTitle(LoginPage.java:30)
at com.qa.anc.page.LoginPage.getLoginPageTitle(LoginPage.java:30)
at com.qa.anc.page.LoginPage.getLoginPageTitle(LoginPage.java:30)
at com.qa.anc.page.LoginPage.getLoginPageTitle(LoginPage.java:30)
at com.qa.anc.page.LoginPage.getLoginPageTitle(LoginPage.java:30)
at com.qa.anc.page.LoginPage.getLoginPageTitle(LoginPage.java:30)
at com.qa.anc.page.LoginPage.getLoginPageTitle(LoginPage.java:30)
at com.qa.anc.page.LoginPage.getLoginPageTitle(LoginPage.java:30)
at com.qa.anc.page.LoginPage.getLoginPageTitle(LoginPage.java:30)
at com.qa.anc.page.LoginPage.getLoginPageTitle(LoginPage.java:30)
at com.qa.anc.page.LoginPage.getLoginPageTitle(LoginPage.java:30)
at com.qa.anc.page.LoginPage.getLoginPageTitle(LoginPage.java:30)
at com.qa.anc.page.LoginPage.getLoginPageTitle(LoginPage.java:30)
at com.qa.anc.page.LoginPage.getLoginPageTitle(LoginPage.java:30)
at com.qa.anc.page.LoginPage.getLoginPageTitle(LoginPage.java:30)
at com.qa.anc.page.LoginPage.getLoginPageTitle(LoginPage.java:30)
at com.qa.anc.page.LoginPage.getLoginPageTitle(LoginPage.java:30)
at com.qa.anc.page.LoginPage.getLoginPageTitle(LoginPage.java:30)
at com.qa.anc.page.LoginPage.getLoginPageTitle(LoginPage.java:30)
at com.qa.anc.page.LoginPage.getLoginPageTitle(LoginPage.java:30)
at com.qa.anc.page.LoginPage.getLoginPageTitle(LoginPage.java:30)
at com.qa.anc.page.LoginPage.getLoginPageTitle(LoginPage.java:30)
at com.qa.anc.page.LoginPage.getLoginPageTitle(LoginPage.java:30)
at com.qa.anc.page.LoginPage.getLoginPageTitle(LoginPage.java:30)
at com.qa.anc.page.LoginPage.getLoginPageTitle(LoginPage.java:30)
at com.qa.anc.page.LoginPage.getLoginPageTitle(LoginPage.java:30)
at com.qa.anc.page.LoginPage.getLoginPageTitle(LoginPage.java:30)
at com.qa.anc.page.LoginPage.getLoginPageTitle(LoginPage.java:30)
at com.qa.anc.page.LoginPage.getLoginPageTitle(LoginPage.java:30)
at com.qa.anc.page.LoginPage.getLoginPageTitle(LoginPage.java:30)
at com.qa.anc.page.LoginPage.getLoginPageTitle(LoginPage.java:30)
at com.qa.anc.page.LoginPage.getLoginPageTitle(LoginPage.java:30)
at com.qa.anc.page.LoginPage.getLoginPageTitle(LoginPage.java:30)
at com.qa.anc.page.LoginPage.getLoginPageTitle(LoginPage.java:30)
at com.qa.anc.page.LoginPage.getLoginPageTitle(LoginPage.java:30)
at com.qa.anc.page.LoginPage.getLoginPageTitle(LoginPage.java:30)
at com.qa.anc.page.LoginPage.getLoginPageTitle(LoginPage.java:30)
at com.qa.anc.page.LoginPage.getLoginPageTitle(LoginPage.java:30)
at com.qa.anc.page.LoginPage.getLoginPageTitle(LoginPage.java:30)
at com.qa.anc.page.LoginPage.getLoginPageTitle(LoginPage.java:30)
at com.qa.anc.page.LoginPage.getLoginPageTitle(LoginPage.java:30)
at com.qa.anc.page.LoginPage.getLoginPageTitle(LoginPage.java:30)
at com.qa.anc.page.LoginPage.getLoginPageTitle(LoginPage.java:30)
at com.qa.anc.page.LoginPage.getLoginPageTitle(LoginPage.java:30)
at com.qa.anc.page.LoginPage.getLoginPageTitle(LoginPage.java:30)
at com.qa.anc.page.LoginPage.getLoginPageTitle(LoginPage.java:30)
at com.qa.anc.page.LoginPage.getLoginPageTitle(LoginPage.java:30)
at com.qa.anc.page.LoginPage.getLoginPageTitle(LoginPage.java:30)
at com.qa.anc.page.LoginPage.getLoginPageTitle(LoginPage.java:30)
at com.qa.anc.page.LoginPage.getLoginPageTitle(LoginPage.java:30)
at com.qa.anc.page.LoginPage.getLoginPageTitle(LoginPage.java:30)
at com.qa.anc.page.LoginPage.getLoginPageTitle(LoginPage.java:30)
at com.qa.anc.page.LoginPage.getLoginPageTitle(LoginPage.java:30)
at com.qa.anc.page.LoginPage.getLoginPageTitle(LoginPage.java:30)
at com.qa.anc.page.LoginPage.getLoginPageTitle(LoginPage.java:30)
at com.qa.anc.page.LoginPage.getLoginPageTitle(LoginPage.java:30)
at com.qa.anc.page.LoginPage.getLoginPageTitle(LoginPage.java:30)
at com.qa.anc.page.LoginPage.getLoginPageTitle(LoginPage.java:30)
at com.qa.anc.page.LoginPage.getLoginPageTitle(LoginPage.java:30)
at com.qa.anc.page.LoginPage.getLoginPageTitle(LoginPage.java:30)
at com.qa.anc.page.LoginPage.getLoginPageTitle(LoginPage.java:30)
at com.qa.anc.page.LoginPage.getLoginPageTitle(LoginPage.java:30)
at com.qa.anc.page.LoginPage.getLoginPageTitle(LoginPage.java:30)
at com.qa.anc.page.LoginPage.getLoginPageTitle(LoginPage.java:30)
at com.qa.anc.page.LoginPage.getLoginPageTitle(LoginPage.java:30)
at com.qa.anc.page.LoginPage.getLoginPageTitle(LoginPage.java:30)
at com.qa.anc.page.LoginPage.getLoginPageTitle(LoginPage.java:30)
at com.qa.anc.page.LoginPage.getLoginPageTitle(LoginPage.java:30)
at com.qa.anc.page.LoginPage.getLoginPageTitle(LoginPage.java:30)
at com.qa.anc.page.LoginPage.getLoginPageTitle(LoginPage.java:30)
at com.qa.anc.page.LoginPage.getLoginPageTitle(LoginPage.java:30)
at com.qa.anc.page.LoginPage.getLoginPageTitle(LoginPage.java:30)
at com.qa.anc.page.LoginPage.getLoginPageTitle(LoginPage.java:30)
at com.qa.anc.page.LoginPage.getLoginPageTitle(LoginPage.java:30)
at com.qa.anc.page.LoginPage.getLoginPageTitle(LoginPage.java:30)
at com.qa.anc.page.LoginPage.getLoginPageTitle(LoginPage.java:30)
at com.qa.anc.page.LoginPage.getLoginPageTitle(LoginPage.java:30)
at com.qa.anc.page.LoginPage.getLoginPageTitle(LoginPage.java:30)
at com.qa.anc.page.LoginPage.getLoginPageTitle(LoginPage.java:30)
at com.qa.anc.page.LoginPage.getLoginPageTitle(LoginPage.java:30)
at com.qa.anc.page.LoginPage.getLoginPageTitle(LoginPage.java:30)
at com.qa.anc.page.LoginPage.getLoginPageTitle(LoginPage.java:30)
at com.qa.anc.page.LoginPage.getLoginPageTitle(LoginPage.java:30)
at com.qa.anc.page.LoginPage.getLoginPageTitle(LoginPage.java:30)
at com.qa.anc.page.LoginPage.getLoginPageTitle(LoginPage.java:30)
at com.qa.anc.page.LoginPage.getLoginPageTitle(LoginPage.java:30)
at com.qa.anc.page.LoginPage.getLoginPageTitle(LoginPage.java:30)
at com.qa.anc.page.LoginPage.getLoginPageTitle(LoginPage.java:30)
at com.qa.anc.page.LoginPage.getLoginPageTitle(LoginPage.java:30)
at com.qa.anc.page.LoginPage.getLoginPageTitle(LoginPage.java:30)
at com.qa.anc.page.LoginPage.getLoginPageTitle(LoginPage.java:30)
at com.qa.anc.page.LoginPage.getLoginPageTitle(LoginPage.java:30)
at com.qa.anc.page.LoginPage.getLoginPageTitle(LoginPage.java:30)
at com.qa.anc.page.LoginPage.getLoginPageTitle(LoginPage.java:30)
at com.qa.anc.page.LoginPage.getLoginPageTitle(LoginPage.java:30)
at com.qa.anc.page.LoginPage.getLoginPageTitle(LoginPage.java:30)
at com.qa.anc.page.LoginPage.getLoginPageTitle(LoginPage.java:30)
at com.qa.anc.page.LoginPage.getLoginPageTitle(LoginPage.java:30)
at com.qa.anc.page.LoginPage.getLoginPageTitle(LoginPage.java:30)
at com.qa.anc.page.LoginPage.getLoginPageTitle(LoginPage.java:30)
at com.qa.anc.page.LoginPage.getLoginPageTitle(LoginPage.java:30)
at com.qa.anc.page.LoginPage.getLoginPageTitle(LoginPage.java:30)
at com.qa.anc.page.LoginPage.getLoginPageTitle(LoginPage.java:30)
at com.qa.anc.page.LoginPage.getLoginPageTitle(LoginPage.java:30)
at com.qa.anc.page.LoginPage.getLoginPageTitle(LoginPage.java:30)
at com.qa.anc.page.LoginPage.getLoginPageTitle(LoginPage.java:30)
at com.qa.anc.page.LoginPage.getLoginPageTitle(LoginPage.java:30)
at com.qa.anc.page.LoginPage.getLoginPageTitle(LoginPage.java:30)
at com.qa.anc.page.LoginPage.getLoginPageTitle(LoginPage.java:30)
at com.qa.anc.page.LoginPage.getLoginPageTitle(LoginPage.java:30)
at com.qa.anc.page.LoginPage.getLoginPageTitle(LoginPage.java:30)
at com.qa.anc.page.LoginPage.getLoginPageTitle(LoginPage.java:30)
at com.qa.anc.page.LoginPage.getLoginPageTitle(LoginPage.java:30)
at com.qa.anc.page.LoginPage.getLoginPageTitle(LoginPage.java:30)
at com.qa.anc.page.LoginPage.getLoginPageTitle(LoginPage.java:30)
at com.qa.anc.page.LoginPage.getLoginPageTitle(LoginPage.java:30)
at com.qa.anc.page.LoginPage.getLoginPageTitle(LoginPage.java:30)
at com.qa.anc.page.LoginPage.getLoginPageTitle(LoginPage.java:30)
at com.qa.anc.page.LoginPage.getLoginPageTitle(LoginPage.java:30)
at com.qa.anc.page.LoginPage.getLoginPageTitle(LoginPage.java:30)
at com.qa.anc.page.LoginPage.getLoginPageTitle(LoginPage.java:30)
at com.qa.anc.page.LoginPage.getLoginPageTitle(LoginPage.java:30)
at com.qa.anc.page.LoginPage.getLoginPageTitle(LoginPage.java:30)
at com.qa.anc.page.LoginPage.getLoginPageTitle(LoginPage.java:30)
at com.qa.anc.page.LoginPage.getLoginPageTitle(LoginPage.java:30)
at com.qa.anc.page.LoginPage.getLoginPageTitle(LoginPage.java:30)
at com.qa.anc.page.LoginPage.getLoginPageTitle(LoginPage.java:30)
at com.qa.anc.page.LoginPage.getLoginPageTitle(LoginPage.java:30)
at com.qa.anc.page.LoginPage.getLoginPageTitle(LoginPage.java:30)
at com.qa.anc.page.LoginPage.getLoginPageTitle(LoginPage.java:30)
at com.qa.anc.page.LoginPage.getLoginPageTitle(LoginPage.java:30)
at com.qa.anc.page.LoginPage.getLoginPageTitle(LoginPage.java:30)
at com.qa.anc.page.LoginPage.getLoginPageTitle(LoginPage.java:30)
at com.qa.anc.page.LoginPage.getLoginPageTitle(LoginPage.java:30)
at com.qa.anc.page.LoginPage.getLoginPageTitle(LoginPage.java:30)
at com.qa.anc.page.LoginPage.getLoginPageTitle(LoginPage.java:30)
at com.qa.anc.page.LoginPage.getLoginPageTitle(LoginPage.java:30)
at com.qa.anc.page.LoginPage.getLoginPageTitle(LoginPage.java:30)
at com.qa.anc.page.LoginPage.getLoginPageTitle(LoginPage.java:30)
at com.qa.anc.page.LoginPage.getLoginPageTitle(LoginPage.java:30)
at com.qa.anc.page.LoginPage.getLoginPageTitle(LoginPage.java:30)
at com.qa.anc.page.LoginPage.getLoginPageTitle(LoginPage.java:30)
at com.qa.anc.page.LoginPage.getLoginPageTitle(LoginPage.java:30)
at com.qa.anc.page.LoginPage.getLoginPageTitle(LoginPage.java:30)
at com.qa.anc.page.LoginPage.getLoginPageTitle(LoginPage.java:30)
at com.qa.anc.page.LoginPage.getLoginPageTitle(LoginPage.java:30)
at com.qa.anc.page.LoginPage.getLoginPageTitle(LoginPage.java:30)
at com.qa.anc.page.LoginPage.getLoginPageTitle(LoginPage.java:30)
at com.qa.anc.page.LoginPage.getLoginPageTitle(LoginPage.java:30)
at com.qa.anc.page.LoginPage.getLoginPageTitle(LoginPage.java:30)
at com.qa.anc.page.LoginPage.getLoginPageTitle(LoginPage.java:30)
at com.qa.anc.page.LoginPage.getLoginPageTitle(LoginPage.java:30)
at com.qa.anc.page.LoginPage.getLoginPageTitle(LoginPage.java:30)
at com.qa.anc.page.LoginPage.getLoginPageTitle(LoginPage.java:30)
at com.qa.anc.page.LoginPage.getLoginPageTitle(LoginPage.java:30)
at com.qa.anc.page.LoginPage.getLoginPageTitle(LoginPage.java:30)
at com.qa.anc.page.LoginPage.getLoginPageTitle(LoginPage.java:30)
at com.qa.anc.page.LoginPage.getLoginPageTitle(LoginPage.java:30)
at com.qa.anc.page.LoginPage.getLoginPageTitle(LoginPage.java:30)
at com.qa.anc.page.LoginPage.getLoginPageTitle(LoginPage.java:30)
at com.qa.anc.page.LoginPage.getLoginPageTitle(LoginPage.java:30)
at com.qa.anc.page.LoginPage.getLoginPageTitle(LoginPage.java:30)
at com.qa.anc.page.LoginPage.getLoginPageTitle(LoginPage.java:30)
at com.qa.anc.page.LoginPage.getLoginPageTitle(LoginPage.java:30)
at com.qa.anc.page.LoginPage.getLoginPageTitle(LoginPage.java:30)
at com.qa.anc.page.LoginPage.getLoginPageTitle(LoginPage.java:30)
at com.qa.anc.page.LoginPage.getLoginPageTitle(LoginPage.java:30)
at com.qa.anc.page.LoginPage.getLoginPageTitle(LoginPage.java:30)
at com.qa.anc.page.LoginPage.getLoginPageTitle(LoginPage.java:30)
at com.qa.anc.page.LoginPage.getLoginPageTitle(LoginPage.java:30)
at com.qa.anc.page.LoginPage.getLoginPageTitle(LoginPage.java:30)
at com.qa.anc.page.LoginPage.getLoginPageTitle(LoginPage.java:30)
at com.qa.anc.page.LoginPage.getLoginPageTitle(LoginPage.java:30)
at com.qa.anc.page.LoginPage.getLoginPageTitle(LoginPage.java:30)
at com.qa.anc.page.LoginPage.getLoginPageTitle(LoginPage.java:30)
at com.qa.anc.page.LoginPage.getLoginPageTitle(LoginPage.java:30)
at com.qa.anc.page.LoginPage.getLoginPageTitle(LoginPage.java:30)
at com.qa.anc.page.LoginPage.getLoginPageTitle(LoginPage.java:30)
at com.qa.anc.page.LoginPage.getLoginPageTitle(LoginPage.java:30)
at com.qa.anc.page.LoginPage.getLoginPageTitle(LoginPage.java:30)
at com.qa.anc.page.LoginPage.getLoginPageTitle(LoginPage.java:30)
at com.qa.anc.page.LoginPage.getLoginPageTitle(LoginPage.java:30)
at com.qa.anc.page.LoginPage.getLoginPageTitle(LoginPage.java:30)
at com.qa.anc.page.LoginPage.getLoginPageTitle(LoginPage.java:30)
at com.qa.anc.page.LoginPage.getLoginPageTitle(LoginPage.java:30)
at com.qa.anc.page.LoginPage.getLoginPageTitle(LoginPage.java:30)
at com.qa.anc.page.LoginPage.getLoginPageTitle(LoginPage.java:30)
at com.qa.anc.page.LoginPage.getLoginPageTitle(LoginPage.java:30)
at com.qa.anc.page.LoginPage.getLoginPageTitle(LoginPage.java:30)
at com.qa.anc.page.LoginPage.getLoginPageTitle(LoginPage.java:30)
at com.qa.anc.page.LoginPage.getLoginPageTitle(LoginPage.java:30)
at com.qa.anc.page.LoginPage.getLoginPageTitle(LoginPage.java:30)
at com.qa.anc.page.LoginPage.getLoginPageTitle(LoginPage.java:30)
at com.qa.anc.page.LoginPage.getLoginPageTitle(LoginPage.java:30)
at com.qa.anc.page.LoginPage.getLoginPageTitle(LoginPage.java:30)
at com.qa.anc.page.LoginPage.getLoginPageTitle(LoginPage.java:30)
at com.qa.anc.page.LoginPage.getLoginPageTitle(LoginPage.java:30)
at com.qa.anc.page.LoginPage.getLoginPageTitle(LoginPage.java:30)
at com.qa.anc.page.LoginPage.getLoginPageTitle(LoginPage.java:30)
at com.qa.anc.page.LoginPage.getLoginPageTitle(LoginPage.java:30)
at com.qa.anc.page.LoginPage.getLoginPageTitle(LoginPage.java:30)
at com.qa.anc.page.LoginPage.getLoginPageTitle(LoginPage.java:30)
at com.qa.anc.page.LoginPage.getLoginPageTitle(LoginPage.java:30)
at com.qa.anc.page.LoginPage.getLoginPageTitle(LoginPage.java:30)
at com.qa.anc.page.LoginPage.getLoginPageTitle(LoginPage.java:30)
at com.qa.anc.page.LoginPage.getLoginPageTitle(LoginPage.java:30)
at com.qa.anc.page.LoginPage.getLoginPageTitle(LoginPage.java:30)
at com.qa.anc.page.LoginPage.getLoginPageTitle(LoginPage.java:30)
at com.qa.anc.page.LoginPage.getLoginPageTitle(LoginPage.java:30)
at com.qa.anc.page.LoginPage.getLoginPageTitle(LoginPage.java:30)
at com.qa.anc.page.LoginPage.getLoginPageTitle(LoginPage.java:30)
at com.qa.anc.page.LoginPage.getLoginPageTitle(LoginPage.java:30)
at com.qa.anc.page.LoginPage.getLoginPageTitle(LoginPage.java:30)
at com.qa.anc.page.LoginPage.getLoginPageTitle(LoginPage.java:30)
at com.qa.anc.page.LoginPage.getLoginPageTitle(LoginPage.java:30)
at com.qa.anc.page.LoginPage.getLoginPageTitle(LoginPage.java:30)
at com.qa.anc.page.LoginPage.getLoginPageTitle(LoginPage.java:30)
at com.qa.anc.page.LoginPage.getLoginPageTitle(LoginPage.java:30)
at com.qa.anc.page.LoginPage.getLoginPageTitle(LoginPage.java:30)
at com.qa.anc.page.LoginPage.getLoginPageTitle(LoginPage.java:30)
at com.qa.anc.page.LoginPage.getLoginPageTitle(LoginPage.java:30)
]]>
    </error>
  </testcase> <!-- loginPageTitleTest -->
  <testcase classname="com.qa.anc.test.LoginPageTest" name="loginTest" time="3.499"/>
</testsuite> <!-- com.qa.anc.test.LoginPageTest -->
