<?xml version="1.0" encoding="UTF-8"?>
<!-- Generated by org.testng.reporters.JUnitReportReporter -->
<testsuite hostname="DESKTOP-DOIJIN9" failures="0" tests="5" name="com.qa.anc.test.RegisteredPW_ViewdetailsTest" time="7.474" errors="1" timestamp="08 Feb 2023 10:25:57 GMT" skipped="0">
  <testcase classname="com.qa.anc.test.RegisteredPW_ViewdetailsTest" name="getRegisteredPWPageTest" time="0.873"/>
  <testcase classname="com.qa.anc.test.RegisteredPW_ViewdetailsTest" name="PWInfoPageTest" time="3.179">
    <error message="element click intercepted: Element &lt;img _ngcontent-wlc-c83=&quot;&quot; src=&quot;assets/search-anc.png&quot; alt=&quot;&quot; class=&quot;searchIcon cursorStyle&quot; style=&quot;background-color: rgba(0, 0, 0, 0);&quot;&gt; is not clickable at point (317, 10). Other element would receive the click: &lt;div _ngcontent-wlc-c72=&quot;&quot; class=&quot;col-6 col-sm-4 col-xs-4 col-md-4 col-lg-4 align-items-center d-flex&quot;&gt;...&lt;/div&gt;
  (Session info: chrome=109.0.5414.120)
Build info: version: &#039;3.14.0&#039;, revision: &#039;aacccce0&#039;, time: &#039;2018-08-02T20:19:58.91Z&#039;
System info: host: &#039;DESKTOP-DOIJIN9&#039;, ip: &#039;192.168.58.175&#039;, os.name: &#039;Windows 10&#039;, os.arch: &#039;amd64&#039;, os.version: &#039;10.0&#039;, java.version: &#039;16.0.1&#039;
Driver info: org.openqa.selenium.chrome.ChromeDriver
Capabilities {acceptInsecureCerts: false, browserName: chrome, browserVersion: 109.0.5414.120, chrome: {chromedriverVersion: 108.0.5359.71 (1e0e3868ee06..., userDataDir: C:\Users\TSPL\AppData\Local...}, goog:chromeOptions: {debuggerAddress: localhost:64977}, javascriptEnabled: true, networkConnectionEnabled: false, pageLoadStrategy: normal, platform: WINDOWS, platformName: WINDOWS, proxy: Proxy(), setWindowRect: true, strictFileInteractability: false, timeouts: {implicit: 0, pageLoad: 300000, script: 30000}, unhandledPromptBehavior: dismiss and notify, webauthn:extension:credBlob: true, webauthn:extension:largeBlob: true, webauthn:virtualAuthenticators: true}
Session ID: 49f1f0bf1e5f7d4a1c62e3385a7323ee" type="org.openqa.selenium.ElementClickInterceptedException">
      <![CDATA[org.openqa.selenium.ElementClickInterceptedException: element click intercepted: Element <img _ngcontent-wlc-c83="" src="assets/search-anc.png" alt="" class="searchIcon cursorStyle" style="background-color: rgba(0, 0, 0, 0);"> is not clickable at point (317, 10). Other element would receive the click: <div _ngcontent-wlc-c72="" class="col-6 col-sm-4 col-xs-4 col-md-4 col-lg-4 align-items-center d-flex">...</div>
  (Session info: chrome=109.0.5414.120)
Build info: version: '3.14.0', revision: 'aacccce0', time: '2018-08-02T20:19:58.91Z'
System info: host: 'DESKTOP-DOIJIN9', ip: '192.168.58.175', os.name: 'Windows 10', os.arch: 'amd64', os.version: '10.0', java.version: '16.0.1'
Driver info: org.openqa.selenium.chrome.ChromeDriver
Capabilities {acceptInsecureCerts: false, browserName: chrome, browserVersion: 109.0.5414.120, chrome: {chromedriverVersion: 108.0.5359.71 (1e0e3868ee06..., userDataDir: C:\Users\TSPL\AppData\Local...}, goog:chromeOptions: {debuggerAddress: localhost:64977}, javascriptEnabled: true, networkConnectionEnabled: false, pageLoadStrategy: normal, platform: WINDOWS, platformName: WINDOWS, proxy: Proxy(), setWindowRect: true, strictFileInteractability: false, timeouts: {implicit: 0, pageLoad: 300000, script: 30000}, unhandledPromptBehavior: dismiss and notify, webauthn:extension:credBlob: true, webauthn:extension:largeBlob: true, webauthn:virtualAuthenticators: true}
Session ID: 49f1f0bf1e5f7d4a1c62e3385a7323ee
at java.base/jdk.internal.reflect.NativeConstructorAccessorImpl.newInstance0(Native Method)
at java.base/jdk.internal.reflect.NativeConstructorAccessorImpl.newInstance(NativeConstructorAccessorImpl.java:78)
at java.base/jdk.internal.reflect.DelegatingConstructorAccessorImpl.newInstance(DelegatingConstructorAccessorImpl.java:45)
at java.base/java.lang.reflect.Constructor.newInstanceWithCaller(Constructor.java:499)
at java.base/java.lang.reflect.Constructor.newInstance(Constructor.java:480)
at org.openqa.selenium.remote.http.W3CHttpResponseCodec.createException(W3CHttpResponseCodec.java:187)
at org.openqa.selenium.remote.http.W3CHttpResponseCodec.decode(W3CHttpResponseCodec.java:122)
at org.openqa.selenium.remote.http.W3CHttpResponseCodec.decode(W3CHttpResponseCodec.java:49)
at org.openqa.selenium.remote.HttpCommandExecutor.execute(HttpCommandExecutor.java:158)
at org.openqa.selenium.remote.service.DriverCommandExecutor.execute(DriverCommandExecutor.java:83)
at org.openqa.selenium.remote.RemoteWebDriver.execute(RemoteWebDriver.java:548)
at org.openqa.selenium.remote.RemoteWebElement.execute(RemoteWebElement.java:276)
at org.openqa.selenium.remote.RemoteWebElement.click(RemoteWebElement.java:83)
at com.qa.anc.utils.ElementUtils.doClick(ElementUtils.java:51)
at com.qa.anc.page.RegisteredPW_Viewdeatils.getdoSearch(RegisteredPW_Viewdeatils.java:41)
at com.qa.anc.test.RegisteredPW_ViewdetailsTest.PWInfoPageTest(RegisteredPW_ViewdetailsTest.java:23)
at java.base/jdk.internal.reflect.NativeMethodAccessorImpl.invoke0(Native Method)
at java.base/jdk.internal.reflect.NativeMethodAccessorImpl.invoke(NativeMethodAccessorImpl.java:78)
at java.base/jdk.internal.reflect.DelegatingMethodAccessorImpl.invoke(DelegatingMethodAccessorImpl.java:43)
at java.base/java.lang.reflect.Method.invoke(Method.java:567)
at org.testng.internal.MethodInvocationHelper.invokeMethod(MethodInvocationHelper.java:124)
at org.testng.internal.Invoker.invokeMethod(Invoker.java:583)
at org.testng.internal.Invoker.invokeTestMethod(Invoker.java:719)
at org.testng.internal.Invoker.invokeTestMethods(Invoker.java:989)
at org.testng.internal.TestMethodWorker.invokeTestMethods(TestMethodWorker.java:125)
at org.testng.internal.TestMethodWorker.run(TestMethodWorker.java:109)
at org.testng.TestRunner.privateRun(TestRunner.java:648)
at org.testng.TestRunner.run(TestRunner.java:505)
at org.testng.SuiteRunner.runTest(SuiteRunner.java:455)
at org.testng.SuiteRunner.access$000(SuiteRunner.java:40)
at org.testng.SuiteRunner$SuiteWorker.run(SuiteRunner.java:489)
at org.testng.internal.thread.ThreadUtil$1.call(ThreadUtil.java:52)
at java.base/java.util.concurrent.FutureTask.run(FutureTask.java:264)
at java.base/java.util.concurrent.ThreadPoolExecutor.runWorker(ThreadPoolExecutor.java:1130)
at java.base/java.util.concurrent.ThreadPoolExecutor$Worker.run(ThreadPoolExecutor.java:630)
at java.base/java.lang.Thread.run(Thread.java:831)
]]>
    </error>
  </testcase> <!-- PWInfoPageTest -->
  <testcase classname="com.qa.anc.test.RegisteredPW_ViewdetailsTest" name="getHeaderValueTest" time="1.713"/>
  <testcase classname="com.qa.anc.test.RegisteredPW_ViewdetailsTest" name="DownloadButtonTest" time="0.844"/>
  <testcase classname="com.qa.anc.test.RegisteredPW_ViewdetailsTest" name="getBackButtonTest" time="0.865"/>
</testsuite> <!-- com.qa.anc.test.RegisteredPW_ViewdetailsTest -->
